TN:
SF:D:\SJTU-jiaojiao\codes\Admin\jiaojiaoadmin\src\polyfills.ts
FNF:0
FNH:0
LF:0
LH:0
BRF:0
BRH:0
end_of_record
TN:
SF:D:\SJTU-jiaojiao\codes\Admin\jiaojiaoadmin\src\test.ts
FNF:0
FNH:0
DA:13,1
DA:18,1
DA:20,1
LF:3
LH:3
BRF:0
BRH:0
end_of_record
TN:
SF:D:\SJTU-jiaojiao\codes\Admin\jiaojiaoadmin\src\app\app-routing.module.ts
FNF:0
FNH:0
DA:16,1
DA:35,1
LF:2
LH:2
BRF:0
BRH:0
end_of_record
TN:
SF:D:\SJTU-jiaojiao\codes\Admin\jiaojiaoadmin\src\app\app.component.ts
FN:14,(anonymous_0)
FN:15,(anonymous_1)
FNF:2
FNH:2
FNDA:1,(anonymous_0)
FNDA:1,(anonymous_1)
DA:11,1
DA:12,1
DA:13,1
DA:14,1
DA:16,1
DA:17,1
DA:19,1
LF:7
LH:7
BRF:0
BRH:0
end_of_record
TN:
SF:D:\SJTU-jiaojiao\codes\Admin\jiaojiaoadmin\src\app\auth.service.ts
FN:14,(anonymous_0)
FN:17,(anonymous_1)
FN:30,(anonymous_2)
FNF:3
FNH:3
FNDA:3,(anonymous_0)
FNDA:2,(anonymous_1)
FNDA:1,(anonymous_2)
DA:13,1
DA:14,3
DA:21,2
DA:31,1
LF:4
LH:4
BRF:0
BRH:0
end_of_record
TN:
SF:D:\SJTU-jiaojiao\codes\Admin\jiaojiaoadmin\src\app\info.service.ts
FN:19,(anonymous_0)
FN:22,(anonymous_1)
FN:30,(anonymous_2)
FN:38,(anonymous_3)
FN:46,(anonymous_4)
FN:58,(anonymous_5)
FN:59,(anonymous_6)
FNF:7
FNH:7
FNDA:4,(anonymous_0)
FNDA:4,(anonymous_1)
FNDA:1,(anonymous_2)
FNDA:1,(anonymous_3)
FNDA:1,(anonymous_4)
FNDA:7,(anonymous_5)
FNDA:2,(anonymous_6)
DA:8,1
DA:15,1
DA:17,4
DA:19,4
DA:23,4
DA:31,1
DA:32,1
DA:39,1
DA:40,1
DA:47,1
DA:59,7
DA:61,2
DA:63,2
LF:13
LH:13
BRF:0
BRH:0
end_of_record
TN:
SF:D:\SJTU-jiaojiao\codes\Admin\jiaojiaoadmin\src\app\inmemory-data.service.ts
FN:8,(anonymous_0)
FNF:1
FNH:1
FNDA:7,(anonymous_0)
DA:7,1
DA:9,7
DA:14,7
DA:42,7
LF:4
LH:4
BRF:0
BRH:0
end_of_record
TN:
SF:D:\SJTU-jiaojiao\codes\Admin\jiaojiaoadmin\src\app\user.service.ts
FN:16,(anonymous_0)
FN:19,(anonymous_1)
FN:27,(anonymous_2)
FN:34,(anonymous_3)
FN:45,(anonymous_4)
FN:54,(anonymous_5)
FN:66,(anonymous_6)
FN:67,(anonymous_7)
FNF:8
FNH:8
FNDA:4,(anonymous_0)
FNDA:3,(anonymous_1)
FNDA:1,(anonymous_2)
FNDA:2,(anonymous_3)
FNDA:1,(anonymous_4)
FNDA:1,(anonymous_5)
FNDA:7,(anonymous_6)
FNDA:2,(anonymous_7)
DA:7,1
DA:12,1
DA:14,4
DA:16,4
DA:20,3
DA:28,1
DA:29,1
DA:35,2
DA:37,1
DA:39,1
DA:46,1
DA:48,1
DA:55,1
DA:67,7
DA:70,2
DA:73,2
LF:16
LH:16
BRDA:35,0,0,1
BRDA:35,0,1,1
BRF:2
BRH:2
end_of_record
TN:
SF:D:\SJTU-jiaojiao\codes\Admin\jiaojiaoadmin\src\app\activity\activity.component.ts
FN:10,(anonymous_0)
FN:12,(anonymous_1)
FNF:2
FNH:2
FNDA:1,(anonymous_0)
FNDA:1,(anonymous_1)
DA:8,1
DA:13,1
LF:2
LH:2
BRF:0
BRH:0
end_of_record
TN:
SF:D:\SJTU-jiaojiao\codes\Admin\jiaojiaoadmin\src\app\activitydetail\activitydetail.component.ts
FN:80,(anonymous_0)
FN:60,(anonymous_1)
FN:82,(anonymous_2)
FNF:3
FNH:3
FNDA:1,(anonymous_0)
FNDA:17,(anonymous_1)
FNDA:1,(anonymous_2)
DA:8,1
DA:9,1
DA:61,17
LF:3
LH:3
BRF:0
BRH:0
end_of_record
TN:
SF:D:\SJTU-jiaojiao\codes\Admin\jiaojiaoadmin\src\app\callback\callback.component.ts
FN:11,(anonymous_0)
FN:16,(anonymous_1)
FN:21,(anonymous_2)
FNF:3
FNH:3
FNDA:1,(anonymous_0)
FNDA:1,(anonymous_1)
FNDA:2,(anonymous_2)
DA:10,1
DA:12,1
DA:13,1
DA:17,1
DA:18,1
DA:22,2
DA:25,2
DA:26,1
LF:8
LH:8
BRDA:25,0,0,1
BRDA:25,0,1,1
BRF:2
BRH:2
end_of_record
TN:
SF:D:\SJTU-jiaojiao\codes\Admin\jiaojiaoadmin\src\app\dashboard\dashboard.component.ts
FN:9,(anonymous_0)
FN:11,(anonymous_1)
FNF:2
FNH:2
FNDA:1,(anonymous_0)
FNDA:1,(anonymous_1)
DA:8,1
LF:1
LH:1
BRF:0
BRH:0
end_of_record
TN:
SF:D:\SJTU-jiaojiao\codes\Admin\jiaojiaoadmin\src\app\entity\info.ts
FNF:0
FNH:0
LF:0
LH:0
BRF:0
BRH:0
end_of_record
TN:
SF:D:\SJTU-jiaojiao\codes\Admin\jiaojiaoadmin\src\app\entity\user.ts
FNF:0
FNH:0
LF:0
LH:0
BRF:0
BRH:0
end_of_record
TN:
SF:D:\SJTU-jiaojiao\codes\Admin\jiaojiaoadmin\src\app\info\info.component.ts
FN:22,(anonymous_0)
FN:24,(anonymous_1)
FN:29,(anonymous_2)
FN:31,(anonymous_3)
FN:33,(anonymous_4)
FN:34,(anonymous_5)
FN:35,(anonymous_6)
FN:44,(anonymous_7)
FN:46,(anonymous_8)
FN:48,(anonymous_9)
FN:49,(anonymous_10)
FN:50,(anonymous_11)
FN:57,(anonymous_12)
FN:71,(anonymous_13)
FN:72,(anonymous_14)
FN:73,(anonymous_15)
FN:73,(anonymous_16)
FN:76,(anonymous_17)
FN:78,(anonymous_18)
FN:84,(anonymous_19)
FN:90,(anonymous_20)
FN:93,(anonymous_21)
FN:96,(anonymous_22)
FN:97,(anonymous_23)
FN:98,(anonymous_24)
FNF:25
FNH:21
FNDA:3,(anonymous_0)
FNDA:2,(anonymous_1)
FNDA:1,(anonymous_2)
FNDA:1,(anonymous_3)
FNDA:24,(anonymous_4)
FNDA:0,(anonymous_5)
FNDA:0,(anonymous_6)
FNDA:1,(anonymous_7)
FNDA:1,(anonymous_8)
FNDA:24,(anonymous_9)
FNDA:1,(anonymous_10)
FNDA:24,(anonymous_11)
FNDA:5,(anonymous_12)
FNDA:1,(anonymous_13)
FNDA:3,(anonymous_14)
FNDA:0,(anonymous_15)
FNDA:0,(anonymous_16)
FNDA:2,(anonymous_17)
FNDA:2,(anonymous_18)
FNDA:7,(anonymous_19)
FNDA:1,(anonymous_20)
FNDA:1,(anonymous_21)
FNDA:1,(anonymous_22)
FNDA:3,(anonymous_23)
FNDA:1,(anonymous_24)
DA:11,1
DA:12,3
DA:14,3
DA:16,3
DA:20,3
DA:22,3
DA:25,2
DA:30,1
DA:32,1
DA:33,24
DA:34,1
DA:35,0
DA:37,1
DA:38,1
DA:39,1
DA:45,1
DA:47,1
DA:48,24
DA:49,1
DA:50,24
DA:52,1
DA:53,1
DA:54,1
DA:58,5
DA:60,1
DA:62,1
DA:64,1
DA:66,1
DA:68,1
DA:72,3
DA:73,0
DA:74,0
DA:77,2
DA:79,2
DA:80,2
DA:81,2
DA:85,7
DA:86,5
DA:88,2
DA:91,1
DA:94,1
DA:97,3
DA:98,1
DA:99,1
DA:100,1
LF:45
LH:42
BRDA:59,0,0,1
BRDA:59,0,1,1
BRDA:59,0,2,1
BRDA:59,0,3,1
BRDA:59,0,4,1
BRDA:72,1,0,3
BRDA:72,1,1,0
BRDA:85,2,0,5
BRDA:85,2,1,2
BRF:9
BRH:8
end_of_record
TN:
SF:D:\SJTU-jiaojiao\codes\Admin\jiaojiaoadmin\src\app\info-statistic\info-statistic.component.ts
FN:18,(anonymous_0)
FN:19,(anonymous_1)
FN:26,(anonymous_2)
FN:94,(anonymous_3)
FN:100,(anonymous_4)
FN:107,(anonymous_5)
FN:115,(anonymous_6)
FN:167,(anonymous_7)
FN:188,(anonymous_8)
FN:210,(anonymous_9)
FN:224,(anonymous_10)
FN:235,(anonymous_11)
FN:236,(anonymous_12)
FN:242,(anonymous_13)
FN:243,(anonymous_14)
FN:244,(anonymous_15)
FN:244,(anonymous_16)
FN:290,(anonymous_17)
FN:296,(anonymous_18)
FN:390,(anonymous_19)
FN:424,(anonymous_20)
FNF:21
FNH:21
FNDA:1,(anonymous_0)
FNDA:1,(anonymous_1)
FNDA:1,(anonymous_2)
FNDA:1,(anonymous_3)
FNDA:2,(anonymous_4)
FNDA:1,(anonymous_5)
FNDA:1,(anonymous_6)
FNDA:17,(anonymous_7)
FNDA:1,(anonymous_8)
FNDA:27,(anonymous_9)
FNDA:27,(anonymous_10)
FNDA:1,(anonymous_11)
FNDA:27,(anonymous_12)
FNDA:27,(anonymous_13)
FNDA:27,(anonymous_14)
FNDA:729,(anonymous_15)
FNDA:54,(anonymous_16)
FNDA:1,(anonymous_17)
FNDA:22,(anonymous_18)
FNDA:22,(anonymous_19)
FNDA:22,(anonymous_20)
DA:4,1
DA:12,1
DA:20,1
DA:21,1
DA:22,1
DA:23,1
DA:24,1
DA:27,1
DA:29,1
DA:31,1
DA:33,1
DA:42,1
DA:94,1
DA:100,2
DA:107,1
DA:116,1
DA:168,17
DA:189,1
DA:212,27
DA:224,27
DA:236,1
DA:237,27
DA:238,27
DA:242,27
DA:243,1
DA:244,729
DA:245,54
DA:247,27
DA:253,1
DA:291,1
DA:297,22
DA:299,1
DA:390,22
DA:424,22
LF:34
LH:34
BRDA:244,0,0,729
BRDA:244,0,1,702
BRDA:249,1,0,18
BRDA:249,1,1,9
BRF:4
BRH:4
end_of_record
TN:
SF:D:\SJTU-jiaojiao\codes\Admin\jiaojiaoadmin\src\app\infodetail\infodetail.component.ts
FN:7,formatDate
FN:27,(anonymous_1)
FN:32,(anonymous_2)
FN:44,(anonymous_3)
FN:48,(anonymous_4)
FN:51,(anonymous_5)
FN:54,(anonymous_6)
FN:56,(anonymous_7)
FN:58,(anonymous_8)
FN:60,(anonymous_9)
FN:154,(anonymous_10)
FNF:11
FNH:11
FNDA:1,formatDate
FNDA:1,(anonymous_1)
FNDA:1031,(anonymous_2)
FNDA:1,(anonymous_3)
FNDA:2,(anonymous_4)
FNDA:1,(anonymous_5)
FNDA:1,(anonymous_6)
FNDA:1,(anonymous_7)
FNDA:1,(anonymous_8)
FNDA:1,(anonymous_9)
FNDA:6,(anonymous_10)
DA:8,1
DA:9,1
DA:10,1
DA:17,1
DA:19,1
DA:21,1
DA:22,1
DA:23,1
DA:25,1
DA:26,1
DA:28,1
DA:29,1
DA:30,1
DA:33,1031
DA:34,1031
DA:35,1031
DA:45,1
DA:46,1
DA:49,2
DA:52,1
DA:53,1
DA:54,1
DA:57,1
DA:58,1
DA:62,1
DA:63,1000
DA:65,1
DA:97,1
DA:154,1
DA:156,6
DA:157,30
DA:158,30
DA:160,6
LF:33
LH:33
BRF:0
BRH:0
end_of_record
TN:
SF:D:\SJTU-jiaojiao\codes\Admin\jiaojiaoadmin\src\app\login\login.component.ts
FN:17,(anonymous_0)
FN:21,(anonymous_1)
FN:25,(anonymous_2)
FN:26,(anonymous_3)
FN:31,(anonymous_4)
FNF:5
FNH:4
FNDA:1,(anonymous_0)
FNDA:1,(anonymous_1)
FNDA:1,(anonymous_2)
FNDA:0,(anonymous_3)
FNDA:1,(anonymous_4)
DA:14,1
DA:17,1
DA:18,1
DA:26,1
DA:32,1
DA:33,1
LF:6
LH:6
BRF:0
BRH:0
end_of_record
TN:
SF:D:\SJTU-jiaojiao\codes\Admin\jiaojiaoadmin\src\app\user\user.component.ts
FN:22,(anonymous_0)
FN:24,(anonymous_1)
FN:27,(anonymous_2)
FN:29,(anonymous_3)
FN:35,(anonymous_4)
FN:37,(anonymous_5)
FN:43,(anonymous_6)
FN:49,(anonymous_7)
FN:52,(anonymous_8)
FN:55,(anonymous_9)
FN:56,(anonymous_10)
FN:56,(anonymous_11)
FN:56,(anonymous_12)
FN:58,(anonymous_13)
FN:58,(anonymous_14)
FN:58,(anonymous_15)
FN:62,(anonymous_16)
FN:63,(anonymous_17)
FN:64,(anonymous_18)
FNF:19
FNH:15
FNDA:3,(anonymous_0)
FNDA:2,(anonymous_1)
FNDA:2,(anonymous_2)
FNDA:2,(anonymous_3)
FNDA:2,(anonymous_4)
FNDA:2,(anonymous_5)
FNDA:7,(anonymous_6)
FNDA:1,(anonymous_7)
FNDA:1,(anonymous_8)
FNDA:1,(anonymous_9)
FNDA:3,(anonymous_10)
FNDA:0,(anonymous_11)
FNDA:0,(anonymous_12)
FNDA:3,(anonymous_13)
FNDA:0,(anonymous_14)
FNDA:0,(anonymous_15)
FNDA:1,(anonymous_16)
FNDA:3,(anonymous_17)
FNDA:1,(anonymous_18)
DA:14,1
DA:17,3
DA:19,3
DA:22,3
DA:25,2
DA:28,2
DA:30,2
DA:31,2
DA:32,2
DA:36,2
DA:38,2
DA:39,2
DA:40,2
DA:44,7
DA:45,3
DA:47,4
DA:50,1
DA:53,1
DA:56,3
DA:57,0
DA:58,3
DA:59,0
DA:63,3
DA:64,1
DA:65,1
DA:66,1
LF:26
LH:24
BRDA:44,0,0,3
BRDA:44,0,1,4
BRF:2
BRH:2
end_of_record
TN:
SF:D:\SJTU-jiaojiao\codes\Admin\jiaojiaoadmin\src\app\userdetail\userdetail.component.ts
FN:15,fSymbolSize
FN:19,fAnimationDelay
FN:22,fFormatter
FN:33,(anonymous_3)
FN:38,(anonymous_4)
FN:42,(anonymous_5)
FN:45,(anonymous_6)
FN:48,(anonymous_7)
FN:50,(anonymous_8)
FN:52,(anonymous_9)
FN:55,(anonymous_10)
FNF:11
FNH:11
FNDA:1,fSymbolSize
FNDA:1,fAnimationDelay
FNDA:1,fFormatter
FNDA:1,(anonymous_3)
FNDA:1,(anonymous_4)
FNDA:2,(anonymous_5)
FNDA:1,(anonymous_6)
FNDA:1,(anonymous_7)
FNDA:1,(anonymous_8)
FNDA:1,(anonymous_9)
FNDA:1,(anonymous_10)
DA:7,1
DA:8,1
DA:12,1
DA:16,1
DA:20,1
DA:23,1
DA:30,1
DA:32,1
DA:34,1
DA:35,1
DA:36,1
DA:39,1
DA:40,1
DA:43,2
DA:46,1
DA:47,1
DA:48,1
DA:51,1
DA:52,1
DA:55,1
LF:20
LH:20
BRF:0
BRH:0
end_of_record
TN:
SF:D:\SJTU-jiaojiao\codes\Admin\jiaojiaoadmin\src\app\website\website.component.ts
FN:28,(anonymous_0)
FN:19,(anonymous_1)
FN:32,(anonymous_2)
FNF:3
FNH:3
FNDA:1,(anonymous_0)
FNDA:1,(anonymous_1)
FNDA:1,(anonymous_2)
DA:17,1
DA:20,1
DA:22,3
DA:23,3
DA:29,1
DA:33,1
LF:6
LH:6
BRF:0
BRH:0
end_of_record
