{"C:\\Users\\22859\\Desktop\\test\\frontend\\src\\Config.js": {"path":"C:\\Users\\22859\\Desktop\\test\\frontend\\src\\Config.js","statementMap":{"0":{"start":{"line":1,"column":13},"end":{"line":12,"column":1}}},"fnMap":{},"branchMap":{},"s":{"0":5},"f":{},"b":{},"_coverageSchema":"43e27e138ebf9cfc5966b082cf9a028302ed4184","hash":"564a8cfc72a4ce33deb95f63500a4509a4b86899"}
,"C:\\Users\\22859\\Desktop\\test\\frontend\\src\\Views\\BuyInfo\\BuyInfo.js": {"path":"C:\\Users\\22859\\Desktop\\test\\frontend\\src\\Views\\BuyInfo\\BuyInfo.js","statementMap":{"0":{"start":{"line":5,"column":31},"end":{"line":7,"column":5}},"1":{"start":{"line":10,"column":8},"end":{"line":16,"column":9}}},"fnMap":{"0":{"name":"(anonymous_0)","decl":{"start":{"line":9,"column":4},"end":{"line":9,"column":5}},"loc":{"start":{"line":9,"column":13},"end":{"line":17,"column":5}},"line":9}},"branchMap":{},"s":{"0":1,"1":1},"f":{"0":1},"b":{},"_coverageSchema":"43e27e138ebf9cfc5966b082cf9a028302ed4184","hash":"063210bae1425a4de2652013a8d8726368234f97"}
,"C:\\Users\\22859\\Desktop\\test\\frontend\\src\\Views\\Contact\\Contact.js": {"path":"C:\\Users\\22859\\Desktop\\test\\frontend\\src\\Views\\Contact\\Contact.js","statementMap":{"0":{"start":{"line":5,"column":31},"end":{"line":7,"column":5}},"1":{"start":{"line":10,"column":8},"end":{"line":16,"column":9}}},"fnMap":{"0":{"name":"(anonymous_0)","decl":{"start":{"line":9,"column":4},"end":{"line":9,"column":5}},"loc":{"start":{"line":9,"column":13},"end":{"line":17,"column":5}},"line":9}},"branchMap":{},"s":{"0":1,"1":1},"f":{"0":1},"b":{},"_coverageSchema":"43e27e138ebf9cfc5966b082cf9a028302ed4184","hash":"7b5597d1e46999437d194d331df4c4797b002a77"}
,"C:\\Users\\22859\\Desktop\\test\\frontend\\src\\Views\\Home\\Home.js": {"path":"C:\\Users\\22859\\Desktop\\test\\frontend\\src\\Views\\Home\\Home.js","statementMap":{"0":{"start":{"line":7,"column":31},"end":{"line":9,"column":5}},"1":{"start":{"line":12,"column":8},"end":{"line":12,"column":21}},"2":{"start":{"line":13,"column":17},"end":{"line":13,"column":19}},"3":{"start":{"line":14,"column":16},"end":{"line":14,"column":18}},"4":{"start":{"line":15,"column":8},"end":{"line":82,"column":10}},"5":{"start":{"line":87,"column":8},"end":{"line":232,"column":10}},"6":{"start":{"line":238,"column":8},"end":{"line":238,"column":21}},"7":{"start":{"line":239,"column":8},"end":{"line":306,"column":10}},"8":{"start":{"line":327,"column":31},"end":{"line":329,"column":5}},"9":{"start":{"line":368,"column":12},"end":{"line":376,"column":13}},"10":{"start":{"line":381,"column":13},"end":{"line":399,"column":2}}},"fnMap":{"0":{"name":"(anonymous_0)","decl":{"start":{"line":11,"column":4},"end":{"line":11,"column":5}},"loc":{"start":{"line":11,"column":23},"end":{"line":84,"column":5}},"line":11},"1":{"name":"(anonymous_1)","decl":{"start":{"line":86,"column":4},"end":{"line":86,"column":5}},"loc":{"start":{"line":86,"column":13},"end":{"line":233,"column":5}},"line":86},"2":{"name":"(anonymous_2)","decl":{"start":{"line":237,"column":4},"end":{"line":237,"column":5}},"loc":{"start":{"line":237,"column":23},"end":{"line":308,"column":5}},"line":237},"3":{"name":"(anonymous_3)","decl":{"start":{"line":352,"column":4},"end":{"line":352,"column":5}},"loc":{"start":{"line":352,"column":13},"end":{"line":378,"column":5}},"line":352}},"branchMap":{},"s":{"0":1,"1":1,"2":1,"3":1,"4":1,"5":1,"6":3,"7":3,"8":1,"9":3,"10":1},"f":{"0":1,"1":1,"2":3,"3":3},"b":{},"_coverageSchema":"43e27e138ebf9cfc5966b082cf9a028302ed4184","hash":"54032c035804a11d4bab7e363aa1c3818799350e"}
,"C:\\Users\\22859\\Desktop\\test\\frontend\\src\\Views\\MyBuyInfo\\MyBuyInfo.js": {"path":"C:\\Users\\22859\\Desktop\\test\\frontend\\src\\Views\\MyBuyInfo\\MyBuyInfo.js","statementMap":{"0":{"start":{"line":7,"column":10},"end":{"line":7,"column":40}},"1":{"start":{"line":46,"column":8},"end":{"line":46,"column":21}},"2":{"start":{"line":47,"column":8},"end":{"line":114,"column":10}},"3":{"start":{"line":125,"column":18},"end":{"line":125,"column":31}},"4":{"start":{"line":138,"column":31},"end":{"line":140,"column":5}},"5":{"start":{"line":142,"column":19},"end":{"line":142,"column":52}},"6":{"start":{"line":142,"column":36},"end":{"line":142,"column":52}},"7":{"start":{"line":144,"column":17},"end":{"line":161,"column":5}},"8":{"start":{"line":145,"column":8},"end":{"line":160,"column":10}},"9":{"start":{"line":179,"column":12},"end":{"line":187,"column":13}},"10":{"start":{"line":192,"column":13},"end":{"line":210,"column":2}}},"fnMap":{"0":{"name":"(anonymous_0)","decl":{"start":{"line":45,"column":4},"end":{"line":45,"column":5}},"loc":{"start":{"line":45,"column":23},"end":{"line":116,"column":5}},"line":45},"1":{"name":"(anonymous_1)","decl":{"start":{"line":118,"column":4},"end":{"line":118,"column":5}},"loc":{"start":{"line":118,"column":24},"end":{"line":120,"column":5}},"line":118},"2":{"name":"(anonymous_2)","decl":{"start":{"line":122,"column":4},"end":{"line":122,"column":5}},"loc":{"start":{"line":122,"column":16},"end":{"line":136,"column":5}},"line":122},"3":{"name":"(anonymous_3)","decl":{"start":{"line":142,"column":19},"end":{"line":142,"column":20}},"loc":{"start":{"line":142,"column":36},"end":{"line":142,"column":52}},"line":142},"4":{"name":"(anonymous_4)","decl":{"start":{"line":144,"column":17},"end":{"line":144,"column":18}},"loc":{"start":{"line":145,"column":8},"end":{"line":160,"column":10}},"line":145},"5":{"name":"(anonymous_5)","decl":{"start":{"line":163,"column":4},"end":{"line":163,"column":5}},"loc":{"start":{"line":163,"column":13},"end":{"line":189,"column":5}},"line":163}},"branchMap":{},"s":{"0":1,"1":1,"2":1,"3":0,"4":1,"5":1,"6":7,"7":1,"8":7,"9":1,"10":1},"f":{"0":1,"1":1,"2":0,"3":7,"4":7,"5":1},"b":{},"_coverageSchema":"43e27e138ebf9cfc5966b082cf9a028302ed4184","hash":"f35c9055f590849a87290605b07e30ce432bd8c2"}
,"C:\\Users\\22859\\Desktop\\test\\frontend\\src\\Views\\MyHistoryInfo\\MyHistoryInfo.js": {"path":"C:\\Users\\22859\\Desktop\\test\\frontend\\src\\Views\\MyHistoryInfo\\MyHistoryInfo.js","statementMap":{"0":{"start":{"line":7,"column":10},"end":{"line":7,"column":40}},"1":{"start":{"line":46,"column":8},"end":{"line":46,"column":21}},"2":{"start":{"line":47,"column":8},"end":{"line":105,"column":10}},"3":{"start":{"line":116,"column":18},"end":{"line":116,"column":31}},"4":{"start":{"line":129,"column":31},"end":{"line":131,"column":5}},"5":{"start":{"line":133,"column":19},"end":{"line":133,"column":52}},"6":{"start":{"line":133,"column":36},"end":{"line":133,"column":52}},"7":{"start":{"line":135,"column":17},"end":{"line":175,"column":5}},"8":{"start":{"line":136,"column":8},"end":{"line":174,"column":9}},"9":{"start":{"line":137,"column":12},"end":{"line":154,"column":14}},"10":{"start":{"line":156,"column":12},"end":{"line":173,"column":14}},"11":{"start":{"line":178,"column":8},"end":{"line":202,"column":9}},"12":{"start":{"line":179,"column":12},"end":{"line":183,"column":13}},"13":{"start":{"line":185,"column":13},"end":{"line":202,"column":9}},"14":{"start":{"line":186,"column":12},"end":{"line":190,"column":13}},"15":{"start":{"line":193,"column":12},"end":{"line":201,"column":13}},"16":{"start":{"line":206,"column":13},"end":{"line":224,"column":2}}},"fnMap":{"0":{"name":"(anonymous_0)","decl":{"start":{"line":45,"column":4},"end":{"line":45,"column":5}},"loc":{"start":{"line":45,"column":23},"end":{"line":107,"column":5}},"line":45},"1":{"name":"(anonymous_1)","decl":{"start":{"line":109,"column":4},"end":{"line":109,"column":5}},"loc":{"start":{"line":109,"column":24},"end":{"line":111,"column":5}},"line":109},"2":{"name":"(anonymous_2)","decl":{"start":{"line":113,"column":4},"end":{"line":113,"column":5}},"loc":{"start":{"line":113,"column":16},"end":{"line":127,"column":5}},"line":113},"3":{"name":"(anonymous_3)","decl":{"start":{"line":133,"column":19},"end":{"line":133,"column":20}},"loc":{"start":{"line":133,"column":36},"end":{"line":133,"column":52}},"line":133},"4":{"name":"(anonymous_4)","decl":{"start":{"line":135,"column":17},"end":{"line":135,"column":18}},"loc":{"start":{"line":135,"column":31},"end":{"line":175,"column":5}},"line":135},"5":{"name":"(anonymous_5)","decl":{"start":{"line":177,"column":4},"end":{"line":177,"column":5}},"loc":{"start":{"line":177,"column":13},"end":{"line":203,"column":5}},"line":177}},"branchMap":{"0":{"loc":{"start":{"line":136,"column":8},"end":{"line":174,"column":9}},"type":"if","locations":[{"start":{"line":136,"column":8},"end":{"line":174,"column":9}},{"start":{"line":136,"column":8},"end":{"line":174,"column":9}}],"line":136},"1":{"loc":{"start":{"line":178,"column":8},"end":{"line":202,"column":9}},"type":"if","locations":[{"start":{"line":178,"column":8},"end":{"line":202,"column":9}},{"start":{"line":178,"column":8},"end":{"line":202,"column":9}}],"line":178},"2":{"loc":{"start":{"line":185,"column":13},"end":{"line":202,"column":9}},"type":"if","locations":[{"start":{"line":185,"column":13},"end":{"line":202,"column":9}},{"start":{"line":185,"column":13},"end":{"line":202,"column":9}}],"line":185}},"s":{"0":1,"1":1,"2":1,"3":0,"4":1,"5":1,"6":6,"7":1,"8":6,"9":4,"10":2,"11":1,"12":0,"13":1,"14":0,"15":1,"16":1},"f":{"0":1,"1":1,"2":0,"3":6,"4":6,"5":1},"b":{"0":[4,2],"1":[0,1],"2":[0,1]},"_coverageSchema":"43e27e138ebf9cfc5966b082cf9a028302ed4184","hash":"1866f85e8a93654b49c671adbb091c43fabc54d6"}
,"C:\\Users\\22859\\Desktop\\test\\frontend\\src\\Views\\MySellInfo\\MySellInfo.js": {"path":"C:\\Users\\22859\\Desktop\\test\\frontend\\src\\Views\\MySellInfo\\MySellInfo.js","statementMap":{"0":{"start":{"line":7,"column":10},"end":{"line":7,"column":40}},"1":{"start":{"line":13,"column":8},"end":{"line":13,"column":24}},"2":{"start":{"line":15,"column":8},"end":{"line":28,"column":9}},"3":{"start":{"line":17,"column":30},"end":{"line":17,"column":32}},"4":{"start":{"line":19,"column":12},"end":{"line":21,"column":14}},"5":{"start":{"line":20,"column":16},"end":{"line":20,"column":57}},"6":{"start":{"line":23,"column":12},"end":{"line":27,"column":13}},"7":{"start":{"line":24,"column":16},"end":{"line":24,"column":56}},"8":{"start":{"line":30,"column":8},"end":{"line":40,"column":11}},"9":{"start":{"line":32,"column":12},"end":{"line":32,"column":41}},"10":{"start":{"line":46,"column":8},"end":{"line":46,"column":21}},"11":{"start":{"line":47,"column":16},"end":{"line":47,"column":18}},"12":{"start":{"line":48,"column":17},"end":{"line":48,"column":19}},"13":{"start":{"line":49,"column":17},"end":{"line":49,"column":19}},"14":{"start":{"line":50,"column":17},"end":{"line":50,"column":19}},"15":{"start":{"line":51,"column":18},"end":{"line":51,"column":20}},"16":{"start":{"line":52,"column":18},"end":{"line":52,"column":20}},"17":{"start":{"line":53,"column":18},"end":{"line":53,"column":20}},"18":{"start":{"line":54,"column":8},"end":{"line":57,"column":10}},"19":{"start":{"line":58,"column":8},"end":{"line":58,"column":51}},"20":{"start":{"line":62,"column":8},"end":{"line":62,"column":25}},"21":{"start":{"line":68,"column":18},"end":{"line":68,"column":31}},"22":{"start":{"line":70,"column":8},"end":{"line":70,"column":34}},"23":{"start":{"line":81,"column":31},"end":{"line":83,"column":5}},"24":{"start":{"line":107,"column":8},"end":{"line":113,"column":9}},"25":{"start":{"line":108,"column":12},"end":{"line":112,"column":13}},"26":{"start":{"line":136,"column":13},"end":{"line":154,"column":2}}},"fnMap":{"0":{"name":"(anonymous_0)","decl":{"start":{"line":11,"column":4},"end":{"line":11,"column":5}},"loc":{"start":{"line":11,"column":28},"end":{"line":41,"column":5}},"line":11},"1":{"name":"(anonymous_1)","decl":{"start":{"line":19,"column":40},"end":{"line":19,"column":41}},"loc":{"start":{"line":20,"column":16},"end":{"line":20,"column":57}},"line":20},"2":{"name":"(anonymous_2)","decl":{"start":{"line":30,"column":27},"end":{"line":30,"column":28}},"loc":{"start":{"line":30,"column":48},"end":{"line":40,"column":9}},"line":30},"3":{"name":"(anonymous_3)","decl":{"start":{"line":45,"column":4},"end":{"line":45,"column":5}},"loc":{"start":{"line":45,"column":23},"end":{"line":59,"column":5}},"line":45},"4":{"name":"(anonymous_4)","decl":{"start":{"line":61,"column":4},"end":{"line":61,"column":5}},"loc":{"start":{"line":61,"column":24},"end":{"line":63,"column":5}},"line":61},"5":{"name":"(anonymous_5)","decl":{"start":{"line":65,"column":4},"end":{"line":65,"column":5}},"loc":{"start":{"line":65,"column":16},"end":{"line":79,"column":5}},"line":65},"6":{"name":"(anonymous_6)","decl":{"start":{"line":106,"column":4},"end":{"line":106,"column":5}},"loc":{"start":{"line":106,"column":13},"end":{"line":133,"column":5}},"line":106}},"branchMap":{"0":{"loc":{"start":{"line":15,"column":8},"end":{"line":28,"column":9}},"type":"if","locations":[{"start":{"line":15,"column":8},"end":{"line":28,"column":9}},{"start":{"line":15,"column":8},"end":{"line":28,"column":9}}],"line":15},"1":{"loc":{"start":{"line":23,"column":12},"end":{"line":27,"column":13}},"type":"if","locations":[{"start":{"line":23,"column":12},"end":{"line":27,"column":13}},{"start":{"line":23,"column":12},"end":{"line":27,"column":13}}],"line":23},"2":{"loc":{"start":{"line":107,"column":8},"end":{"line":113,"column":9}},"type":"if","locations":[{"start":{"line":107,"column":8},"end":{"line":113,"column":9}},{"start":{"line":107,"column":8},"end":{"line":113,"column":9}}],"line":107}},"s":{"0":1,"1":1,"2":1,"3":1,"4":1,"5":1,"6":1,"7":1,"8":1,"9":1,"10":1,"11":1,"12":1,"13":1,"14":1,"15":1,"16":1,"17":1,"18":1,"19":1,"20":1,"21":1,"22":1,"23":1,"24":1,"25":1,"26":1},"f":{"0":1,"1":1,"2":1,"3":1,"4":1,"5":1,"6":1},"b":{"0":[1,0],"1":[1,0],"2":[1,0]},"_coverageSchema":"43e27e138ebf9cfc5966b082cf9a028302ed4184","hash":"5b86d88be9f7b61370858d2562bda49f9691abe3"}
,"C:\\Users\\22859\\Desktop\\test\\frontend\\src\\Views\\Release\\Release.js": {"path":"C:\\Users\\22859\\Desktop\\test\\frontend\\src\\Views\\Release\\Release.js","statementMap":{"0":{"start":{"line":5,"column":31},"end":{"line":7,"column":5}},"1":{"start":{"line":10,"column":8},"end":{"line":16,"column":9}}},"fnMap":{"0":{"name":"(anonymous_0)","decl":{"start":{"line":9,"column":4},"end":{"line":9,"column":5}},"loc":{"start":{"line":9,"column":13},"end":{"line":17,"column":5}},"line":9}},"branchMap":{},"s":{"0":1,"1":1},"f":{"0":1},"b":{},"_coverageSchema":"43e27e138ebf9cfc5966b082cf9a028302ed4184","hash":"7dfe248a7afff2c85b3994c98556e5702b9c64d1"}
,"C:\\Users\\22859\\Desktop\\test\\frontend\\src\\Views\\Search\\Search.js": {"path":"C:\\Users\\22859\\Desktop\\test\\frontend\\src\\Views\\Search\\Search.js","statementMap":{"0":{"start":{"line":6,"column":10},"end":{"line":6,"column":40}},"1":{"start":{"line":45,"column":8},"end":{"line":45,"column":21}},"2":{"start":{"line":46,"column":8},"end":{"line":51,"column":9}},"3":{"start":{"line":54,"column":31},"end":{"line":56,"column":5}},"4":{"start":{"line":58,"column":19},"end":{"line":58,"column":52}},"5":{"start":{"line":58,"column":36},"end":{"line":58,"column":52}},"6":{"start":{"line":60,"column":17},"end":{"line":66,"column":5}},"7":{"start":{"line":61,"column":8},"end":{"line":65,"column":10}},"8":{"start":{"line":95,"column":31},"end":{"line":95,"column":52}},"9":{"start":{"line":125,"column":12},"end":{"line":145,"column":13}},"10":{"start":{"line":150,"column":13},"end":{"line":168,"column":2}}},"fnMap":{"0":{"name":"(anonymous_0)","decl":{"start":{"line":44,"column":4},"end":{"line":44,"column":5}},"loc":{"start":{"line":44,"column":23},"end":{"line":52,"column":5}},"line":44},"1":{"name":"(anonymous_1)","decl":{"start":{"line":58,"column":19},"end":{"line":58,"column":20}},"loc":{"start":{"line":58,"column":36},"end":{"line":58,"column":52}},"line":58},"2":{"name":"(anonymous_2)","decl":{"start":{"line":60,"column":17},"end":{"line":60,"column":18}},"loc":{"start":{"line":61,"column":8},"end":{"line":65,"column":10}},"line":61},"3":{"name":"(anonymous_3)","decl":{"start":{"line":94,"column":4},"end":{"line":94,"column":5}},"loc":{"start":{"line":94,"column":13},"end":{"line":147,"column":5}},"line":94}},"branchMap":{},"s":{"0":1,"1":1,"2":1,"3":1,"4":1,"5":0,"6":1,"7":0,"8":1,"9":1,"10":1},"f":{"0":1,"1":0,"2":0,"3":1},"b":{},"_coverageSchema":"43e27e138ebf9cfc5966b082cf9a028302ed4184","hash":"84d78368833b54a15eeceee149b660057172e036"}
,"C:\\Users\\22859\\Desktop\\test\\frontend\\src\\Views\\SellInfo\\SellInfo.js": {"path":"C:\\Users\\22859\\Desktop\\test\\frontend\\src\\Views\\SellInfo\\SellInfo.js","statementMap":{"0":{"start":{"line":5,"column":31},"end":{"line":7,"column":5}},"1":{"start":{"line":10,"column":8},"end":{"line":16,"column":9}}},"fnMap":{"0":{"name":"(anonymous_0)","decl":{"start":{"line":9,"column":4},"end":{"line":9,"column":5}},"loc":{"start":{"line":9,"column":13},"end":{"line":17,"column":5}},"line":9}},"branchMap":{},"s":{"0":1,"1":1},"f":{"0":1},"b":{},"_coverageSchema":"43e27e138ebf9cfc5966b082cf9a028302ed4184","hash":"60dc46ebcc4676bc6f301c18606f3077de806316"}
,"C:\\Users\\22859\\Desktop\\test\\frontend\\src\\Views\\UserInfo\\UserInfo.js": {"path":"C:\\Users\\22859\\Desktop\\test\\frontend\\src\\Views\\UserInfo\\UserInfo.js","statementMap":{"0":{"start":{"line":10,"column":8},"end":{"line":10,"column":21}},"1":{"start":{"line":12,"column":8},"end":{"line":18,"column":10}},"2":{"start":{"line":21,"column":31},"end":{"line":23,"column":5}},"3":{"start":{"line":49,"column":8},"end":{"line":196,"column":9}},"4":{"start":{"line":201,"column":8},"end":{"line":201,"column":21}},"5":{"start":{"line":202,"column":8},"end":{"line":269,"column":10}},"6":{"start":{"line":280,"column":18},"end":{"line":280,"column":31}},"7":{"start":{"line":293,"column":31},"end":{"line":295,"column":5}},"8":{"start":{"line":297,"column":19},"end":{"line":297,"column":52}},"9":{"start":{"line":297,"column":36},"end":{"line":297,"column":52}},"10":{"start":{"line":299,"column":17},"end":{"line":316,"column":5}},"11":{"start":{"line":300,"column":8},"end":{"line":315,"column":10}},"12":{"start":{"line":334,"column":12},"end":{"line":342,"column":13}},"13":{"start":{"line":347,"column":13},"end":{"line":365,"column":2}}},"fnMap":{"0":{"name":"(anonymous_0)","decl":{"start":{"line":9,"column":4},"end":{"line":9,"column":5}},"loc":{"start":{"line":9,"column":23},"end":{"line":19,"column":5}},"line":9},"1":{"name":"(anonymous_1)","decl":{"start":{"line":48,"column":4},"end":{"line":48,"column":5}},"loc":{"start":{"line":48,"column":13},"end":{"line":197,"column":5}},"line":48},"2":{"name":"(anonymous_2)","decl":{"start":{"line":200,"column":4},"end":{"line":200,"column":5}},"loc":{"start":{"line":200,"column":23},"end":{"line":271,"column":5}},"line":200},"3":{"name":"(anonymous_3)","decl":{"start":{"line":273,"column":4},"end":{"line":273,"column":5}},"loc":{"start":{"line":273,"column":24},"end":{"line":275,"column":5}},"line":273},"4":{"name":"(anonymous_4)","decl":{"start":{"line":277,"column":4},"end":{"line":277,"column":5}},"loc":{"start":{"line":277,"column":16},"end":{"line":291,"column":5}},"line":277},"5":{"name":"(anonymous_5)","decl":{"start":{"line":297,"column":19},"end":{"line":297,"column":20}},"loc":{"start":{"line":297,"column":36},"end":{"line":297,"column":52}},"line":297},"6":{"name":"(anonymous_6)","decl":{"start":{"line":299,"column":17},"end":{"line":299,"column":18}},"loc":{"start":{"line":300,"column":8},"end":{"line":315,"column":10}},"line":300},"7":{"name":"(anonymous_7)","decl":{"start":{"line":318,"column":4},"end":{"line":318,"column":5}},"loc":{"start":{"line":318,"column":13},"end":{"line":344,"column":5}},"line":318}},"branchMap":{},"s":{"0":1,"1":1,"2":1,"3":1,"4":1,"5":1,"6":0,"7":1,"8":1,"9":7,"10":1,"11":7,"12":1,"13":1},"f":{"0":1,"1":1,"2":1,"3":1,"4":0,"5":7,"6":7,"7":1},"b":{},"_coverageSchema":"43e27e138ebf9cfc5966b082cf9a028302ed4184","hash":"059e1bbd022e7748ce8c8cf17e7f60426ea17c00"}
,"C:\\Users\\22859\\Desktop\\test\\frontend\\src\\assets\\images\\NotLogin.jpg": {"path":"C:\\Users\\22859\\Desktop\\test\\frontend\\src\\assets\\images\\NotLogin.jpg","statementMap":{"0":{"start":{"line":1,"column":0},"end":{"line":4,"column":6}}},"fnMap":{},"branchMap":{},"s":{"0":1},"f":{},"b":{},"_coverageSchema":"43e27e138ebf9cfc5966b082cf9a028302ed4184","hash":"95e00cffb3c8a098649de1fe2a8725532cb838da"}
,"C:\\Users\\22859\\Desktop\\test\\frontend\\src\\assets\\images\\buyIcon.png": {"path":"C:\\Users\\22859\\Desktop\\test\\frontend\\src\\assets\\images\\buyIcon.png","statementMap":{"0":{"start":{"line":1,"column":0},"end":{"line":4,"column":6}}},"fnMap":{},"branchMap":{},"s":{"0":1},"f":{},"b":{},"_coverageSchema":"43e27e138ebf9cfc5966b082cf9a028302ed4184","hash":"09f825c6785001628c9a42239db80e17cb6a08e4"}
,"C:\\Users\\22859\\Desktop\\test\\frontend\\src\\assets\\images\\sellIcon.png": {"path":"C:\\Users\\22859\\Desktop\\test\\frontend\\src\\assets\\images\\sellIcon.png","statementMap":{"0":{"start":{"line":1,"column":0},"end":{"line":4,"column":6}}},"fnMap":{},"branchMap":{},"s":{"0":1},"f":{},"b":{},"_coverageSchema":"43e27e138ebf9cfc5966b082cf9a028302ed4184","hash":"ae440155444d37ad6a051819f0339619ace6ca5f"}
}
