TN:
SF:D:\SJTU-jiaojiao\admin-frontend\src\polyfills.ts
FNF:0
FNH:0
LF:0
LH:0
BRF:0
BRH:0
end_of_record
TN:
SF:D:\SJTU-jiaojiao\admin-frontend\src\test.ts
FNF:0
FNH:0
DA:13,1
DA:18,1
DA:20,1
LF:3
LH:3
BRF:0
BRH:0
end_of_record
TN:
SF:D:\SJTU-jiaojiao\admin-frontend\src\app\app-routing.module.ts
FNF:0
FNH:0
DA:16,1
DA:35,1
LF:2
LH:2
BRF:0
BRH:0
end_of_record
TN:
SF:D:\SJTU-jiaojiao\admin-frontend\src\app\app.component.ts
FN:14,(anonymous_0)
FN:15,(anonymous_1)
FNF:2
FNH:2
FNDA:1,(anonymous_0)
FNDA:1,(anonymous_1)
DA:11,1
DA:12,1
DA:13,1
DA:14,1
DA:16,1
DA:17,1
DA:19,1
LF:7
LH:7
BRF:0
BRH:0
end_of_record
TN:
SF:D:\SJTU-jiaojiao\admin-frontend\src\app\auth.service.ts
FN:14,(anonymous_0)
FN:17,(anonymous_1)
FN:28,(anonymous_2)
FNF:3
FNH:3
FNDA:13,(anonymous_0)
FNDA:11,(anonymous_1)
FNDA:13,(anonymous_2)
DA:13,1
DA:14,13
DA:19,11
DA:20,11
DA:21,11
DA:22,11
DA:23,11
DA:24,11
DA:29,13
LF:9
LH:9
BRDA:22,0,0,11
BRDA:22,0,1,0
BRF:2
BRH:1
end_of_record
TN:
SF:D:\SJTU-jiaojiao\admin-frontend\src\app\file.service.ts
FN:17,(anonymous_0)
FN:19,(anonymous_1)
FN:32,(anonymous_2)
FN:33,(anonymous_3)
FNF:4
FNH:1
FNDA:2,(anonymous_0)
FNDA:0,(anonymous_1)
FNDA:0,(anonymous_2)
FNDA:0,(anonymous_3)
DA:7,1
DA:14,1
DA:16,2
DA:17,2
DA:20,0
DA:21,0
DA:33,0
DA:35,0
DA:37,0
LF:9
LH:4
BRF:0
BRH:0
end_of_record
TN:
SF:D:\SJTU-jiaojiao\admin-frontend\src\app\info.service.ts
FN:19,(anonymous_0)
FN:23,(anonymous_1)
FN:30,(anonymous_2)
FN:44,(anonymous_3)
FN:50,(anonymous_4)
FN:64,(anonymous_5)
FN:72,(anonymous_6)
FN:84,(anonymous_7)
FN:85,(anonymous_8)
FNF:9
FNH:7
FNDA:8,(anonymous_0)
FNDA:1,(anonymous_1)
FNDA:7,(anonymous_2)
FNDA:0,(anonymous_3)
FNDA:6,(anonymous_4)
FNDA:1,(anonymous_5)
FNDA:0,(anonymous_6)
FNDA:15,(anonymous_7)
FNDA:15,(anonymous_8)
DA:8,1
DA:15,1
DA:17,8
DA:18,8
DA:19,8
DA:24,1
DA:25,1
DA:31,7
DA:32,7
DA:33,7
DA:34,7
DA:35,7
DA:36,7
DA:37,7
DA:45,0
DA:51,6
DA:52,6
DA:53,6
DA:54,6
DA:55,6
DA:56,6
DA:57,6
DA:65,1
DA:66,1
DA:73,0
DA:85,15
DA:87,15
DA:89,15
LF:28
LH:26
BRDA:30,0,0,5
BRDA:30,1,0,7
BRDA:30,2,0,7
BRDA:30,3,0,1
BRDA:30,4,0,1
BRDA:32,5,0,2
BRDA:32,5,1,5
BRDA:32,6,0,7
BRDA:32,6,1,2
BRDA:33,7,0,0
BRDA:33,7,1,7
BRDA:34,8,0,0
BRDA:34,8,1,7
BRDA:34,9,0,7
BRDA:34,9,1,0
BRDA:35,10,0,6
BRDA:35,10,1,1
BRDA:36,11,0,0
BRDA:36,11,1,7
BRDA:50,12,0,4
BRDA:50,13,0,6
BRDA:50,14,0,6
BRDA:50,15,0,0
BRDA:50,16,0,0
BRDA:52,17,0,2
BRDA:52,17,1,4
BRDA:52,18,0,6
BRDA:52,18,1,2
BRDA:53,19,0,0
BRDA:53,19,1,6
BRDA:54,20,0,0
BRDA:54,20,1,6
BRDA:54,21,0,6
BRDA:54,21,1,0
BRDA:55,22,0,6
BRDA:55,22,1,0
BRDA:56,23,0,0
BRDA:56,23,1,6
BRF:38
BRH:27
end_of_record
TN:
SF:D:\SJTU-jiaojiao\admin-frontend\src\app\inmemory-data.service.ts
FN:9,(anonymous_0)
FNF:1
FNH:1
FNDA:11,(anonymous_0)
DA:8,1
DA:10,11
DA:11,11
DA:16,11
LF:4
LH:4
BRF:0
BRH:0
end_of_record
TN:
SF:D:\SJTU-jiaojiao\admin-frontend\src\app\user.service.ts
FN:15,(anonymous_0)
FN:18,(anonymous_1)
FN:26,(anonymous_2)
FN:34,(anonymous_3)
FN:42,(anonymous_4)
FN:51,(anonymous_5)
FN:63,(anonymous_6)
FN:64,(anonymous_7)
FNF:8
FNH:8
FNDA:4,(anonymous_0)
FNDA:3,(anonymous_1)
FNDA:1,(anonymous_2)
FNDA:1,(anonymous_3)
FNDA:2,(anonymous_4)
FNDA:2,(anonymous_5)
FNDA:9,(anonymous_6)
FNDA:9,(anonymous_7)
DA:6,1
DA:11,1
DA:13,4
DA:15,4
DA:19,3
DA:20,3
DA:27,1
DA:28,1
DA:35,1
DA:36,1
DA:43,2
DA:44,2
DA:52,2
DA:64,9
DA:67,9
DA:70,9
LF:16
LH:16
BRF:0
BRH:0
end_of_record
TN:
SF:D:\SJTU-jiaojiao\admin-frontend\src\app\website.service.ts
FN:17,(anonymous_0)
FN:20,(anonymous_1)
FN:28,(anonymous_2)
FN:36,(anonymous_3)
FN:43,(anonymous_4)
FN:50,(anonymous_5)
FN:57,(anonymous_6)
FN:69,(anonymous_7)
FN:70,(anonymous_8)
FNF:9
FNH:9
FNDA:3,(anonymous_0)
FNDA:2,(anonymous_1)
FNDA:1,(anonymous_2)
FNDA:4,(anonymous_3)
FNDA:1,(anonymous_4)
FNDA:1,(anonymous_5)
FNDA:1,(anonymous_6)
FNDA:10,(anonymous_7)
FNDA:1,(anonymous_8)
DA:6,1
DA:13,1
DA:15,3
DA:16,3
DA:17,3
DA:21,2
DA:22,2
DA:29,1
DA:30,1
DA:37,4
DA:38,4
DA:44,1
DA:45,1
DA:51,1
DA:52,1
DA:58,1
DA:59,1
DA:70,10
DA:72,1
DA:74,1
LF:20
LH:20
BRF:0
BRH:0
end_of_record
TN:
SF:D:\SJTU-jiaojiao\admin-frontend\src\app\Formatter\format.ts
FN:2,Format
FNF:1
FNH:1
FNDA:6,Format
DA:3,6
DA:12,6
DA:13,6
DA:14,42
DA:15,6
LF:5
LH:5
BRDA:12,0,0,6
BRDA:12,0,1,0
BRDA:14,1,0,20
BRDA:14,1,1,22
BRDA:14,2,0,0
BRDA:14,2,1,20
BRF:6
BRH:4
end_of_record
TN:
SF:D:\SJTU-jiaojiao\admin-frontend\src\app\activity\activity.component.ts
FN:10,(anonymous_0)
FN:12,(anonymous_1)
FNF:2
FNH:2
FNDA:1,(anonymous_0)
FNDA:1,(anonymous_1)
DA:8,1
DA:13,1
LF:2
LH:2
BRF:0
BRH:0
end_of_record
TN:
SF:D:\SJTU-jiaojiao\admin-frontend\src\app\activitydetail\activitydetail.component.ts
FN:80,(anonymous_0)
FN:60,(anonymous_1)
FN:82,(anonymous_2)
FNF:3
FNH:3
FNDA:1,(anonymous_0)
FNDA:17,(anonymous_1)
FNDA:1,(anonymous_2)
DA:8,1
DA:9,1
DA:61,17
LF:3
LH:3
BRF:0
BRH:0
end_of_record
TN:
SF:D:\SJTU-jiaojiao\admin-frontend\src\app\callback\callback.component.ts
FN:11,(anonymous_0)
FN:16,(anonymous_1)
FN:21,(anonymous_2)
FNF:3
FNH:3
FNDA:1,(anonymous_0)
FNDA:1,(anonymous_1)
FNDA:2,(anonymous_2)
DA:10,1
DA:12,1
DA:13,1
DA:17,1
DA:18,1
DA:22,2
DA:25,2
DA:26,1
LF:8
LH:8
BRDA:25,0,0,1
BRDA:25,0,1,1
BRF:2
BRH:2
end_of_record
TN:
SF:D:\SJTU-jiaojiao\admin-frontend\src\app\dashboard\dashboard.component.ts
FN:15,(anonymous_0)
FN:22,(anonymous_1)
FN:24,(anonymous_2)
FN:25,(anonymous_3)
FN:26,(anonymous_4)
FN:28,(anonymous_5)
FN:32,(anonymous_6)
FN:33,(anonymous_7)
FN:33,(anonymous_8)
FN:35,(anonymous_9)
FN:38,(anonymous_10)
FN:40,(anonymous_11)
FN:42,(anonymous_12)
FN:44,(anonymous_13)
FN:54,(anonymous_14)
FN:55,(anonymous_15)
FN:58,(anonymous_16)
FN:61,(anonymous_17)
FNF:18
FNH:17
FNDA:1,(anonymous_0)
FNDA:1,(anonymous_1)
FNDA:1,(anonymous_2)
FNDA:1,(anonymous_3)
FNDA:1,(anonymous_4)
FNDA:0,(anonymous_5)
FNDA:4,(anonymous_6)
FNDA:1,(anonymous_7)
FNDA:3,(anonymous_8)
FNDA:1,(anonymous_9)
FNDA:1,(anonymous_10)
FNDA:2,(anonymous_11)
FNDA:1,(anonymous_12)
FNDA:3,(anonymous_13)
FNDA:1,(anonymous_14)
FNDA:2,(anonymous_15)
FNDA:1,(anonymous_16)
FNDA:1,(anonymous_17)
DA:14,1
DA:15,1
DA:23,1
DA:24,1
DA:25,1
DA:26,1
DA:27,1
DA:28,0
DA:33,4
DA:36,1
DA:37,1
DA:38,1
DA:39,1
DA:40,2
DA:41,1
DA:42,1
DA:45,3
DA:47,1
DA:49,1
DA:51,1
DA:55,1
DA:56,2
DA:57,1
DA:58,1
DA:60,1
DA:61,1
LF:26
LH:25
BRDA:46,0,0,1
BRDA:46,0,1,1
BRDA:46,0,2,1
BRDA:56,1,0,1
BRDA:56,1,1,1
BRF:5
BRH:5
end_of_record
TN:
SF:D:\SJTU-jiaojiao\admin-frontend\src\app\entity\info.ts
FNF:0
FNH:0
LF:0
LH:0
BRF:0
BRH:0
end_of_record
TN:
SF:D:\SJTU-jiaojiao\admin-frontend\src\app\entity\user.ts
FNF:0
FNH:0
LF:0
LH:0
BRF:0
BRH:0
end_of_record
TN:
SF:D:\SJTU-jiaojiao\admin-frontend\src\app\info\info.component.ts
FN:32,(anonymous_0)
FN:34,(anonymous_1)
FN:37,(anonymous_2)
FN:38,(anonymous_3)
FN:40,(anonymous_4)
FN:49,(anonymous_5)
FN:59,(anonymous_6)
FNF:7
FNH:7
FNDA:2,(anonymous_0)
FNDA:2,(anonymous_1)
FNDA:2,(anonymous_2)
FNDA:2,(anonymous_3)
FNDA:3,(anonymous_4)
FNDA:2,(anonymous_5)
FNDA:1,(anonymous_6)
DA:14,1
DA:15,2
DA:16,2
DA:20,2
DA:27,2
DA:29,1
DA:31,1
DA:32,2
DA:38,2
DA:41,3
DA:42,3
DA:43,3
DA:45,3
DA:46,3
DA:50,2
DA:52,2
DA:55,0
DA:57,2
DA:60,1
DA:61,1
DA:62,1
DA:63,1
LF:22
LH:21
BRDA:42,0,0,3
BRDA:42,0,1,0
BRDA:45,1,0,3
BRDA:45,1,1,0
BRDA:50,2,0,2
BRDA:50,2,1,0
BRDA:60,3,0,1
BRDA:60,3,1,0
BRDA:62,4,0,1
BRDA:62,4,1,0
BRF:10
BRH:5
end_of_record
TN:
SF:D:\SJTU-jiaojiao\admin-frontend\src\app\info\infocom.service.ts
FN:10,(anonymous_0)
FN:11,(anonymous_1)
FN:14,(anonymous_2)
FN:17,(anonymous_3)
FN:22,(anonymous_4)
FNF:5
FNH:5
FNDA:5,(anonymous_0)
FNDA:2,(anonymous_1)
FNDA:6,(anonymous_2)
FNDA:3,(anonymous_3)
FNDA:12,(anonymous_4)
DA:5,1
DA:12,2
DA:15,6
DA:18,3
DA:19,3
DA:20,3
DA:23,12
LF:7
LH:7
BRF:0
BRH:0
end_of_record
TN:
SF:D:\SJTU-jiaojiao\admin-frontend\src\app\info-statistic\info-statistic.component.ts
FN:18,(anonymous_0)
FN:19,(anonymous_1)
FN:26,(anonymous_2)
FN:94,(anonymous_3)
FN:100,(anonymous_4)
FN:107,(anonymous_5)
FN:115,(anonymous_6)
FN:167,(anonymous_7)
FN:188,(anonymous_8)
FN:210,(anonymous_9)
FN:224,(anonymous_10)
FN:235,(anonymous_11)
FN:236,(anonymous_12)
FN:242,(anonymous_13)
FN:243,(anonymous_14)
FN:244,(anonymous_15)
FN:244,(anonymous_16)
FN:290,(anonymous_17)
FN:296,(anonymous_18)
FN:390,(anonymous_19)
FN:424,(anonymous_20)
FNF:21
FNH:21
FNDA:1,(anonymous_0)
FNDA:1,(anonymous_1)
FNDA:1,(anonymous_2)
FNDA:1,(anonymous_3)
FNDA:2,(anonymous_4)
FNDA:1,(anonymous_5)
FNDA:1,(anonymous_6)
FNDA:17,(anonymous_7)
FNDA:1,(anonymous_8)
FNDA:27,(anonymous_9)
FNDA:27,(anonymous_10)
FNDA:1,(anonymous_11)
FNDA:27,(anonymous_12)
FNDA:27,(anonymous_13)
FNDA:27,(anonymous_14)
FNDA:729,(anonymous_15)
FNDA:54,(anonymous_16)
FNDA:1,(anonymous_17)
FNDA:22,(anonymous_18)
FNDA:22,(anonymous_19)
FNDA:22,(anonymous_20)
DA:4,1
DA:12,1
DA:20,1
DA:21,1
DA:22,1
DA:23,1
DA:24,1
DA:27,1
DA:29,1
DA:31,1
DA:33,1
DA:42,1
DA:94,1
DA:100,2
DA:107,1
DA:116,1
DA:168,17
DA:189,1
DA:212,27
DA:224,27
DA:236,1
DA:237,27
DA:238,27
DA:242,27
DA:243,1
DA:244,729
DA:245,54
DA:247,27
DA:253,1
DA:291,1
DA:297,22
DA:299,1
DA:390,22
DA:424,22
LF:34
LH:34
BRDA:244,0,0,729
BRDA:244,0,1,702
BRDA:249,1,0,21
BRDA:249,1,1,6
BRF:4
BRH:4
end_of_record
TN:
SF:D:\SJTU-jiaojiao\admin-frontend\src\app\info\buy-info\buy-info.component.ts
FN:24,(anonymous_0)
FN:26,(anonymous_1)
FN:31,(anonymous_2)
FN:44,(anonymous_3)
FN:49,(anonymous_4)
FN:56,(anonymous_5)
FN:62,(anonymous_6)
FNF:7
FNH:7
FNDA:4,(anonymous_0)
FNDA:3,(anonymous_1)
FNDA:4,(anonymous_2)
FNDA:1,(anonymous_3)
FNDA:2,(anonymous_4)
FNDA:6,(anonymous_5)
FNDA:6,(anonymous_6)
DA:13,1
DA:14,4
DA:16,4
DA:17,4
DA:18,4
DA:20,4
DA:24,4
DA:27,3
DA:28,3
DA:32,4
DA:34,1
DA:36,1
DA:38,1
DA:40,1
DA:45,1
DA:46,1
DA:50,2
DA:51,1
DA:53,1
DA:57,6
DA:58,6
DA:59,6
DA:60,6
DA:61,6
DA:63,6
DA:64,0
DA:65,0
LF:27
LH:25
BRDA:33,0,0,1
BRDA:33,0,1,1
BRDA:33,0,2,1
BRDA:33,0,3,1
BRDA:50,1,0,1
BRDA:50,1,1,1
BRDA:50,2,0,2
BRDA:50,2,1,1
BRDA:63,3,0,6
BRDA:63,3,1,0
BRF:10
BRH:9
end_of_record
TN:
SF:D:\SJTU-jiaojiao\admin-frontend\src\app\info\sell-info\sell-info.component.ts
FN:25,(anonymous_0)
FN:27,(anonymous_1)
FN:32,(anonymous_2)
FN:44,(anonymous_3)
FN:50,(anonymous_4)
FN:57,(anonymous_5)
FN:62,(anonymous_6)
FNF:7
FNH:7
FNDA:4,(anonymous_0)
FNDA:3,(anonymous_1)
FNDA:4,(anonymous_2)
FNDA:6,(anonymous_3)
FNDA:6,(anonymous_4)
FNDA:1,(anonymous_5)
FNDA:2,(anonymous_6)
DA:14,1
DA:15,4
DA:18,4
DA:19,4
DA:21,4
DA:25,4
DA:28,3
DA:29,3
DA:33,4
DA:35,1
DA:37,1
DA:39,1
DA:41,1
DA:45,6
DA:46,6
DA:47,6
DA:48,6
DA:49,6
DA:51,6
DA:52,0
DA:53,0
DA:58,1
DA:59,1
DA:63,2
DA:64,1
DA:66,1
LF:26
LH:24
BRDA:34,0,0,1
BRDA:34,0,1,1
BRDA:34,0,2,1
BRDA:34,0,3,1
BRDA:51,1,0,6
BRDA:51,1,1,0
BRDA:63,2,0,1
BRDA:63,2,1,1
BRDA:63,3,0,2
BRDA:63,3,1,1
BRF:10
BRH:9
end_of_record
TN:
SF:D:\SJTU-jiaojiao\admin-frontend\src\app\infodetail\infodetail.component.ts
FN:28,(anonymous_0)
FN:34,(anonymous_1)
FN:39,(anonymous_2)
FN:44,(anonymous_3)
FN:46,(anonymous_4)
FN:52,(anonymous_5)
FN:55,(anonymous_6)
FN:59,(anonymous_7)
FN:65,(anonymous_8)
FN:71,(anonymous_9)
FN:76,(anonymous_10)
FN:79,(anonymous_11)
FN:82,(anonymous_12)
FNF:13
FNH:9
FNDA:1,(anonymous_0)
FNDA:1,(anonymous_1)
FNDA:1,(anonymous_2)
FNDA:0,(anonymous_3)
FNDA:0,(anonymous_4)
FNDA:1,(anonymous_5)
FNDA:3,(anonymous_6)
FNDA:1,(anonymous_7)
FNDA:1,(anonymous_8)
FNDA:1,(anonymous_9)
FNDA:0,(anonymous_10)
FNDA:0,(anonymous_11)
FNDA:1,(anonymous_12)
DA:15,1
DA:17,1
DA:20,1
DA:22,1
DA:23,1
DA:26,1
DA:27,1
DA:29,1
DA:30,1
DA:31,1
DA:32,1
DA:35,1
DA:36,1
DA:40,1
DA:41,1
DA:42,1
DA:45,0
DA:47,0
DA:48,0
DA:53,1
DA:56,3
DA:57,3
DA:58,1
DA:60,1
DA:61,1
DA:63,2
DA:64,1
DA:66,1
DA:67,1
DA:72,1
DA:73,0
DA:74,0
DA:75,0
DA:76,0
DA:77,0
DA:78,0
DA:79,0
DA:83,1
LF:38
LH:28
BRDA:57,0,0,1
BRDA:57,0,1,2
BRDA:63,1,0,1
BRDA:63,1,1,1
BRDA:72,2,0,1
BRDA:72,2,1,0
BRDA:74,3,0,0
BRDA:74,3,1,0
BRDA:77,4,0,0
BRDA:77,4,1,0
BRF:10
BRH:5
end_of_record
TN:
SF:D:\SJTU-jiaojiao\admin-frontend\src\app\login\login.component.ts
FN:17,(anonymous_0)
FN:21,(anonymous_1)
FN:25,(anonymous_2)
FN:26,(anonymous_3)
FN:31,(anonymous_4)
FNF:5
FNH:4
FNDA:1,(anonymous_0)
FNDA:1,(anonymous_1)
FNDA:1,(anonymous_2)
FNDA:0,(anonymous_3)
FNDA:1,(anonymous_4)
DA:14,1
DA:17,1
DA:18,1
DA:26,1
DA:32,1
DA:33,1
LF:6
LH:6
BRF:0
BRH:0
end_of_record
TN:
SF:D:\SJTU-jiaojiao\admin-frontend\src\app\user\user.component.ts
FN:19,(anonymous_0)
FN:21,(anonymous_1)
FN:25,(anonymous_2)
FN:32,(anonymous_3)
FN:39,(anonymous_4)
FN:45,(anonymous_5)
FN:47,(anonymous_6)
FN:54,(anonymous_7)
FNF:8
FNH:8
FNDA:3,(anonymous_0)
FNDA:2,(anonymous_1)
FNDA:3,(anonymous_2)
FNDA:2,(anonymous_3)
FNDA:1,(anonymous_4)
FNDA:3,(anonymous_5)
FNDA:3,(anonymous_6)
FNDA:1,(anonymous_7)
DA:12,1
DA:15,3
DA:17,3
DA:19,3
DA:22,2
DA:26,3
DA:27,1
DA:29,1
DA:31,2
DA:33,2
DA:34,0
DA:35,0
DA:40,1
DA:41,0
DA:43,1
DA:46,3
DA:48,3
DA:49,0
DA:50,0
DA:55,1
LF:20
LH:15
BRDA:26,0,0,1
BRDA:26,0,1,2
BRDA:26,1,0,3
BRDA:26,1,1,2
BRDA:33,2,0,2
BRDA:33,2,1,0
BRDA:40,3,0,0
BRDA:40,3,1,1
BRDA:40,4,0,1
BRDA:40,4,1,1
BRDA:48,5,0,3
BRDA:48,5,1,0
BRF:12
BRH:9
end_of_record
TN:
SF:D:\SJTU-jiaojiao\admin-frontend\src\app\userdetail\userdetail.component.ts
FN:11,fFormatter
FN:25,(anonymous_1)
FN:31,(anonymous_2)
FN:36,(anonymous_3)
FN:39,(anonymous_4)
FN:45,(anonymous_5)
FN:48,(anonymous_6)
FN:51,(anonymous_7)
FN:54,(anonymous_8)
FN:59,(anonymous_9)
FN:62,(anonymous_10)
FN:73,(anonymous_11)
FN:77,(anonymous_12)
FN:80,(anonymous_13)
FN:97,(anonymous_14)
FN:100,(anonymous_15)
FNF:16
FNH:12
FNDA:1,fFormatter
FNDA:1,(anonymous_1)
FNDA:1,(anonymous_2)
FNDA:1,(anonymous_3)
FNDA:2,(anonymous_4)
FNDA:3,(anonymous_5)
FNDA:1,(anonymous_6)
FNDA:1,(anonymous_7)
FNDA:0,(anonymous_8)
FNDA:0,(anonymous_9)
FNDA:0,(anonymous_10)
FNDA:2,(anonymous_11)
FNDA:2,(anonymous_12)
FNDA:4,(anonymous_13)
FNDA:1,(anonymous_14)
FNDA:0,(anonymous_15)
DA:10,1
DA:12,1
DA:19,1
DA:21,1
DA:26,1
DA:27,1
DA:28,1
DA:29,1
DA:32,1
DA:33,1
DA:37,1
DA:40,2
DA:41,1
DA:42,1
DA:43,1
DA:46,3
DA:49,1
DA:50,1
DA:51,1
DA:52,1
DA:53,0
DA:54,0
DA:55,0
DA:57,0
DA:59,0
DA:60,0
DA:61,0
DA:62,0
DA:64,0
DA:74,2
DA:75,2
DA:76,2
DA:77,2
DA:81,4
DA:83,1
DA:85,1
DA:87,1
DA:89,1
DA:99,1
DA:100,1
DA:101,0
DA:102,0
DA:103,0
DA:104,0
DA:105,0
DA:107,0
DA:109,1
DA:110,1
LF:48
LH:33
BRDA:40,0,0,1
BRDA:40,0,1,1
BRDA:42,1,0,1
BRDA:42,1,1,0
BRDA:55,2,0,0
BRDA:55,2,1,0
BRDA:60,3,0,0
BRDA:60,3,1,0
BRDA:74,4,0,0
BRDA:74,4,1,2
BRDA:75,5,0,1
BRDA:75,5,1,1
BRDA:82,6,0,1
BRDA:82,6,1,1
BRDA:82,6,2,1
BRDA:82,6,3,1
BRF:16
BRH:10
end_of_record
TN:
SF:D:\SJTU-jiaojiao\admin-frontend\src\app\website\website.component.ts
FN:39,(anonymous_0)
FN:21,(anonymous_1)
FN:29,(anonymous_2)
FN:30,(anonymous_3)
FN:44,(anonymous_4)
FNF:5
FNH:5
FNDA:1,(anonymous_0)
FNDA:1,(anonymous_1)
FNDA:1,(anonymous_2)
FNDA:1,(anonymous_3)
FNDA:1,(anonymous_4)
DA:18,1
DA:22,1
DA:24,3
DA:25,3
DA:30,1
DA:31,1
DA:32,1
DA:33,1
DA:34,1
DA:35,1
DA:40,1
DA:41,1
DA:45,1
LF:13
LH:13
BRDA:32,0,0,0
BRDA:32,0,1,1
BRDA:33,1,0,0
BRDA:33,1,1,1
BRDA:34,2,0,0
BRDA:34,2,1,1
BRF:6
BRH:3
end_of_record
