TN:
SF:C:\Users\22859\Desktop\test\frontend\src\Config.js
FNF:0
FNH:0
DA:1,5
LF:1
LH:1
BRF:0
BRH:0
end_of_record
TN:
SF:C:\Users\22859\Desktop\test\frontend\src\Views\BuyInfo\BuyInfo.js
FN:9,(anonymous_0)
FNF:1
FNH:1
FNDA:1,(anonymous_0)
DA:5,1
DA:10,1
LF:2
LH:2
BRF:0
BRH:0
end_of_record
TN:
SF:C:\Users\22859\Desktop\test\frontend\src\Views\Contact\Contact.js
FN:9,(anonymous_0)
FNF:1
FNH:1
FNDA:1,(anonymous_0)
DA:5,1
DA:10,1
LF:2
LH:2
BRF:0
BRH:0
end_of_record
TN:
SF:C:\Users\22859\Desktop\test\frontend\src\Views\Home\Home.js
FN:11,(anonymous_0)
FN:86,(anonymous_1)
FN:237,(anonymous_2)
FN:352,(anonymous_3)
FNF:4
FNH:4
FNDA:1,(anonymous_0)
FNDA:1,(anonymous_1)
FNDA:3,(anonymous_2)
FNDA:3,(anonymous_3)
DA:7,1
DA:12,1
DA:13,1
DA:14,1
DA:15,1
DA:87,1
DA:238,3
DA:239,3
DA:327,1
DA:368,3
DA:381,1
LF:11
LH:11
BRF:0
BRH:0
end_of_record
TN:
SF:C:\Users\22859\Desktop\test\frontend\src\Views\MyBuyInfo\MyBuyInfo.js
FN:45,(anonymous_0)
FN:118,(anonymous_1)
FN:122,(anonymous_2)
FN:142,(anonymous_3)
FN:144,(anonymous_4)
FN:163,(anonymous_5)
FNF:6
FNH:5
FNDA:1,(anonymous_0)
FNDA:1,(anonymous_1)
FNDA:0,(anonymous_2)
FNDA:7,(anonymous_3)
FNDA:7,(anonymous_4)
FNDA:1,(anonymous_5)
DA:7,1
DA:46,1
DA:47,1
DA:125,0
DA:138,1
DA:142,7
DA:144,1
DA:145,7
DA:179,1
DA:192,1
LF:10
LH:9
BRF:0
BRH:0
end_of_record
TN:
SF:C:\Users\22859\Desktop\test\frontend\src\Views\MyHistoryInfo\MyHistoryInfo.js
FN:45,(anonymous_0)
FN:109,(anonymous_1)
FN:113,(anonymous_2)
FN:133,(anonymous_3)
FN:135,(anonymous_4)
FN:177,(anonymous_5)
FNF:6
FNH:5
FNDA:1,(anonymous_0)
FNDA:1,(anonymous_1)
FNDA:0,(anonymous_2)
FNDA:6,(anonymous_3)
FNDA:6,(anonymous_4)
FNDA:1,(anonymous_5)
DA:7,1
DA:46,1
DA:47,1
DA:116,0
DA:129,1
DA:133,6
DA:135,1
DA:136,6
DA:137,4
DA:156,2
DA:178,1
DA:179,0
DA:185,1
DA:186,0
DA:193,1
DA:206,1
LF:16
LH:13
BRDA:136,0,0,4
BRDA:136,0,1,2
BRDA:178,1,0,0
BRDA:178,1,1,1
BRDA:185,2,0,0
BRDA:185,2,1,1
BRF:6
BRH:4
end_of_record
TN:
SF:C:\Users\22859\Desktop\test\frontend\src\Views\MySellInfo\MySellInfo.js
FN:11,(anonymous_0)
FN:19,(anonymous_1)
FN:30,(anonymous_2)
FN:45,(anonymous_3)
FN:61,(anonymous_4)
FN:65,(anonymous_5)
FN:106,(anonymous_6)
FNF:7
FNH:7
FNDA:1,(anonymous_0)
FNDA:1,(anonymous_1)
FNDA:1,(anonymous_2)
FNDA:1,(anonymous_3)
FNDA:1,(anonymous_4)
FNDA:1,(anonymous_5)
FNDA:1,(anonymous_6)
DA:7,1
DA:13,1
DA:15,1
DA:17,1
DA:19,1
DA:20,1
DA:23,1
DA:24,1
DA:30,1
DA:32,1
DA:46,1
DA:47,1
DA:48,1
DA:49,1
DA:50,1
DA:51,1
DA:52,1
DA:53,1
DA:54,1
DA:58,1
DA:62,1
DA:68,1
DA:70,1
DA:81,1
DA:107,1
DA:108,1
DA:136,1
LF:27
LH:27
BRDA:15,0,0,1
BRDA:15,0,1,0
BRDA:23,1,0,1
BRDA:23,1,1,0
BRDA:107,2,0,1
BRDA:107,2,1,0
BRF:6
BRH:3
end_of_record
TN:
SF:C:\Users\22859\Desktop\test\frontend\src\Views\Release\Release.js
FN:9,(anonymous_0)
FNF:1
FNH:1
FNDA:1,(anonymous_0)
DA:5,1
DA:10,1
LF:2
LH:2
BRF:0
BRH:0
end_of_record
TN:
SF:C:\Users\22859\Desktop\test\frontend\src\Views\Search\Search.js
FN:44,(anonymous_0)
FN:58,(anonymous_1)
FN:60,(anonymous_2)
FN:94,(anonymous_3)
FNF:4
FNH:2
FNDA:1,(anonymous_0)
FNDA:0,(anonymous_1)
FNDA:0,(anonymous_2)
FNDA:1,(anonymous_3)
DA:6,1
DA:45,1
DA:46,1
DA:54,1
DA:58,1
DA:60,1
DA:61,0
DA:95,1
DA:125,1
DA:150,1
LF:10
LH:9
BRF:0
BRH:0
end_of_record
TN:
SF:C:\Users\22859\Desktop\test\frontend\src\Views\SellInfo\SellInfo.js
FN:9,(anonymous_0)
FNF:1
FNH:1
FNDA:1,(anonymous_0)
DA:5,1
DA:10,1
LF:2
LH:2
BRF:0
BRH:0
end_of_record
TN:
SF:C:\Users\22859\Desktop\test\frontend\src\Views\UserInfo\UserInfo.js
FN:9,(anonymous_0)
FN:48,(anonymous_1)
FN:200,(anonymous_2)
FN:273,(anonymous_3)
FN:277,(anonymous_4)
FN:297,(anonymous_5)
FN:299,(anonymous_6)
FN:318,(anonymous_7)
FNF:8
FNH:7
FNDA:1,(anonymous_0)
FNDA:1,(anonymous_1)
FNDA:1,(anonymous_2)
FNDA:1,(anonymous_3)
FNDA:0,(anonymous_4)
FNDA:7,(anonymous_5)
FNDA:7,(anonymous_6)
FNDA:1,(anonymous_7)
DA:10,1
DA:12,1
DA:21,1
DA:49,1
DA:201,1
DA:202,1
DA:280,0
DA:293,1
DA:297,7
DA:299,1
DA:300,7
DA:334,1
DA:347,1
LF:13
LH:12
BRF:0
BRH:0
end_of_record
TN:
SF:C:\Users\22859\Desktop\test\frontend\src\assets\images\NotLogin.jpg
FNF:0
FNH:0
DA:1,1
LF:1
LH:1
BRF:0
BRH:0
end_of_record
TN:
SF:C:\Users\22859\Desktop\test\frontend\src\assets\images\buyIcon.png
FNF:0
FNH:0
DA:1,1
LF:1
LH:1
BRF:0
BRH:0
end_of_record
TN:
SF:C:\Users\22859\Desktop\test\frontend\src\assets\images\sellIcon.png
FNF:0
FNH:0
DA:1,1
LF:1
LH:1
BRF:0
BRH:0
end_of_record
