TN:
SF:D:\SJTU-jiaojiao\codes\Admin\jiaojiaoadmin\src\polyfills.ts
FNF:0
FNH:0
LF:0
LH:0
BRF:0
BRH:0
end_of_record
TN:
SF:D:\SJTU-jiaojiao\codes\Admin\jiaojiaoadmin\src\test.ts
FNF:0
FNH:0
DA:13,1
DA:18,1
DA:20,1
LF:3
LH:3
BRF:0
BRH:0
end_of_record
TN:
SF:D:\SJTU-jiaojiao\codes\Admin\jiaojiaoadmin\src\app\app-routing.module.ts
FNF:0
FNH:0
DA:16,1
DA:35,1
LF:2
LH:2
BRF:0
BRH:0
end_of_record
TN:
SF:D:\SJTU-jiaojiao\codes\Admin\jiaojiaoadmin\src\app\app.component.ts
FN:14,(anonymous_0)
FN:15,(anonymous_1)
FNF:2
FNH:2
FNDA:1,(anonymous_0)
FNDA:2,(anonymous_1)
DA:11,1
DA:12,1
DA:13,1
DA:14,1
DA:16,2
DA:17,1
DA:18,1
DA:20,1
DA:21,1
DA:24,1
LF:10
LH:10
BRDA:16,0,0,1
BRDA:16,0,1,1
BRF:2
BRH:2
end_of_record
TN:
SF:D:\SJTU-jiaojiao\codes\Admin\jiaojiaoadmin\src\app\auth.service.ts
FN:15,(anonymous_0)
FN:20,(anonymous_1)
FN:27,(anonymous_2)
FNF:3
FNH:3
FNDA:5,(anonymous_0)
FNDA:1,(anonymous_1)
FNDA:1,(anonymous_2)
DA:12,1
DA:13,5
DA:14,5
DA:15,5
DA:22,1
DA:23,1
DA:24,1
DA:28,1
LF:8
LH:8
BRF:0
BRH:0
end_of_record
TN:
SF:D:\SJTU-jiaojiao\codes\Admin\jiaojiaoadmin\src\app\info.service.ts
FN:19,(anonymous_0)
FN:22,(anonymous_1)
FN:30,(anonymous_2)
FN:38,(anonymous_3)
FN:46,(anonymous_4)
FN:58,(anonymous_5)
FN:59,(anonymous_6)
FNF:7
FNH:7
FNDA:4,(anonymous_0)
FNDA:3,(anonymous_1)
FNDA:1,(anonymous_2)
FNDA:1,(anonymous_3)
FNDA:1,(anonymous_4)
FNDA:6,(anonymous_5)
FNDA:2,(anonymous_6)
DA:8,1
DA:15,1
DA:17,4
DA:19,4
DA:23,3
DA:31,1
DA:32,1
DA:39,1
DA:40,1
DA:47,1
DA:59,6
DA:61,2
DA:63,2
LF:13
LH:13
BRF:0
BRH:0
end_of_record
TN:
SF:D:\SJTU-jiaojiao\codes\Admin\jiaojiaoadmin\src\app\inmemory-data.service.ts
FN:8,(anonymous_0)
FNF:1
FNH:1
FNDA:7,(anonymous_0)
DA:7,1
DA:9,7
DA:14,7
DA:42,7
LF:4
LH:4
BRF:0
BRH:0
end_of_record
TN:
SF:D:\SJTU-jiaojiao\codes\Admin\jiaojiaoadmin\src\app\user.service.ts
FN:16,(anonymous_0)
FN:19,(anonymous_1)
FN:27,(anonymous_2)
FN:47,(anonymous_3)
FN:56,(anonymous_4)
FN:68,(anonymous_5)
FN:69,(anonymous_6)
FNF:7
FNH:7
FNDA:4,(anonymous_0)
FNDA:2,(anonymous_1)
FNDA:1,(anonymous_2)
FNDA:1,(anonymous_3)
FNDA:1,(anonymous_4)
FNDA:5,(anonymous_5)
FNDA:2,(anonymous_6)
DA:7,1
DA:12,1
DA:14,4
DA:16,4
DA:20,2
DA:28,1
DA:29,1
DA:48,1
DA:50,1
DA:57,1
DA:69,5
DA:72,2
DA:75,2
LF:13
LH:13
BRF:0
BRH:0
end_of_record
TN:
SF:D:\SJTU-jiaojiao\codes\Admin\jiaojiaoadmin\src\app\activity\activity.component.ts
FN:10,(anonymous_0)
FN:12,(anonymous_1)
FNF:2
FNH:2
FNDA:1,(anonymous_0)
FNDA:1,(anonymous_1)
DA:8,1
DA:13,1
LF:2
LH:2
BRF:0
BRH:0
end_of_record
TN:
SF:D:\SJTU-jiaojiao\codes\Admin\jiaojiaoadmin\src\app\activitydetail\activitydetail.component.ts
FN:80,(anonymous_0)
FN:60,(anonymous_1)
FN:82,(anonymous_2)
FNF:3
FNH:3
FNDA:1,(anonymous_0)
FNDA:17,(anonymous_1)
FNDA:1,(anonymous_2)
DA:8,1
DA:9,1
DA:61,17
LF:3
LH:3
BRF:0
BRH:0
end_of_record
TN:
SF:D:\SJTU-jiaojiao\codes\Admin\jiaojiaoadmin\src\app\auth\auth.guard.ts
FN:14,(anonymous_0)
FN:16,(anonymous_1)
FN:26,(anonymous_2)
FNF:3
FNH:3
FNDA:2,(anonymous_0)
FNDA:1,(anonymous_1)
FNDA:2,(anonymous_2)
DA:13,1
DA:14,2
DA:20,1
DA:21,0
DA:22,0
DA:23,1
DA:27,2
DA:30,1
DA:33,1
DA:34,1
LF:10
LH:8
BRDA:20,0,0,0
BRDA:20,0,1,1
BRDA:27,1,0,1
BRDA:27,1,1,1
BRF:4
BRH:3
end_of_record
TN:
SF:D:\SJTU-jiaojiao\codes\Admin\jiaojiaoadmin\src\app\callback\callback.component.ts
FN:11,(anonymous_0)
FN:16,(anonymous_1)
FN:21,(anonymous_2)
FNF:3
FNH:3
FNDA:1,(anonymous_0)
FNDA:1,(anonymous_1)
FNDA:2,(anonymous_2)
DA:10,1
DA:12,1
DA:13,1
DA:17,1
DA:18,1
DA:22,2
DA:25,2
DA:26,1
LF:8
LH:8
BRDA:25,0,0,1
BRDA:25,0,1,1
BRF:2
BRH:2
end_of_record
TN:
SF:D:\SJTU-jiaojiao\codes\Admin\jiaojiaoadmin\src\app\dashboard\dashboard.component.ts
FN:9,(anonymous_0)
FN:11,(anonymous_1)
FNF:2
FNH:2
FNDA:1,(anonymous_0)
FNDA:1,(anonymous_1)
DA:8,1
LF:1
LH:1
BRF:0
BRH:0
end_of_record
TN:
SF:D:\SJTU-jiaojiao\codes\Admin\jiaojiaoadmin\src\app\entity\info.ts
FNF:0
FNH:0
LF:0
LH:0
BRF:0
BRH:0
end_of_record
TN:
SF:D:\SJTU-jiaojiao\codes\Admin\jiaojiaoadmin\src\app\entity\user.ts
FNF:0
FNH:0
LF:0
LH:0
BRF:0
BRH:0
end_of_record
TN:
SF:D:\SJTU-jiaojiao\codes\Admin\jiaojiaoadmin\src\app\info\info.component.ts
FN:21,(anonymous_0)
FN:23,(anonymous_1)
FN:27,(anonymous_2)
FN:29,(anonymous_3)
FN:31,(anonymous_4)
FN:32,(anonymous_5)
FN:39,(anonymous_6)
FN:53,(anonymous_7)
FN:54,(anonymous_8)
FN:55,(anonymous_9)
FN:55,(anonymous_10)
FN:58,(anonymous_11)
FN:60,(anonymous_12)
FN:66,(anonymous_13)
FN:72,(anonymous_14)
FN:75,(anonymous_15)
FN:78,(anonymous_16)
FN:79,(anonymous_17)
FN:80,(anonymous_18)
FNF:19
FNH:17
FNDA:3,(anonymous_0)
FNDA:2,(anonymous_1)
FNDA:1,(anonymous_2)
FNDA:1,(anonymous_3)
FNDA:1,(anonymous_4)
FNDA:24,(anonymous_5)
FNDA:5,(anonymous_6)
FNDA:1,(anonymous_7)
FNDA:3,(anonymous_8)
FNDA:0,(anonymous_9)
FNDA:0,(anonymous_10)
FNDA:2,(anonymous_11)
FNDA:2,(anonymous_12)
FNDA:6,(anonymous_13)
FNDA:1,(anonymous_14)
FNDA:1,(anonymous_15)
FNDA:1,(anonymous_16)
FNDA:3,(anonymous_17)
FNDA:1,(anonymous_18)
DA:11,1
DA:12,3
DA:14,3
DA:16,3
DA:21,3
DA:24,2
DA:28,1
DA:30,1
DA:31,1
DA:32,24
DA:33,1
DA:34,1
DA:35,1
DA:40,5
DA:42,1
DA:44,1
DA:46,1
DA:48,1
DA:50,1
DA:54,3
DA:55,0
DA:56,0
DA:59,2
DA:61,2
DA:62,2
DA:63,2
DA:67,6
DA:68,3
DA:70,3
DA:73,1
DA:76,1
DA:79,3
DA:80,1
DA:81,1
DA:82,1
LF:35
LH:33
BRDA:41,0,0,1
BRDA:41,0,1,1
BRDA:41,0,2,1
BRDA:41,0,3,1
BRDA:41,0,4,1
BRDA:54,1,0,3
BRDA:54,1,1,0
BRDA:67,2,0,3
BRDA:67,2,1,3
BRF:9
BRH:8
end_of_record
TN:
SF:D:\SJTU-jiaojiao\codes\Admin\jiaojiaoadmin\src\app\info-statistic\info-statistic.component.ts
FN:18,(anonymous_0)
FN:19,(anonymous_1)
FN:26,(anonymous_2)
FN:94,(anonymous_3)
FN:100,(anonymous_4)
FN:107,(anonymous_5)
FN:115,(anonymous_6)
FN:167,(anonymous_7)
FN:188,(anonymous_8)
FN:210,(anonymous_9)
FN:224,(anonymous_10)
FN:235,(anonymous_11)
FN:236,(anonymous_12)
FN:242,(anonymous_13)
FN:243,(anonymous_14)
FN:244,(anonymous_15)
FN:244,(anonymous_16)
FN:290,(anonymous_17)
FN:296,(anonymous_18)
FN:390,(anonymous_19)
FN:424,(anonymous_20)
FNF:21
FNH:21
FNDA:1,(anonymous_0)
FNDA:1,(anonymous_1)
FNDA:1,(anonymous_2)
FNDA:1,(anonymous_3)
FNDA:2,(anonymous_4)
FNDA:1,(anonymous_5)
FNDA:1,(anonymous_6)
FNDA:17,(anonymous_7)
FNDA:1,(anonymous_8)
FNDA:27,(anonymous_9)
FNDA:27,(anonymous_10)
FNDA:1,(anonymous_11)
FNDA:27,(anonymous_12)
FNDA:27,(anonymous_13)
FNDA:27,(anonymous_14)
FNDA:702,(anonymous_15)
FNDA:52,(anonymous_16)
FNDA:1,(anonymous_17)
FNDA:22,(anonymous_18)
FNDA:22,(anonymous_19)
FNDA:22,(anonymous_20)
DA:4,1
DA:12,1
DA:20,1
DA:21,1
DA:22,1
DA:23,1
DA:24,1
DA:27,1
DA:29,1
DA:31,1
DA:33,1
DA:42,1
DA:94,1
DA:100,2
DA:107,1
DA:116,1
DA:168,17
DA:189,1
DA:212,27
DA:224,27
DA:236,1
DA:237,27
DA:238,27
DA:242,27
DA:243,1
DA:244,702
DA:245,52
DA:247,27
DA:253,1
DA:291,1
DA:297,22
DA:299,1
DA:390,22
DA:424,22
LF:34
LH:34
BRDA:244,0,0,702
BRDA:244,0,1,676
BRDA:249,1,0,12
BRDA:249,1,1,15
BRF:4
BRH:4
end_of_record
TN:
SF:D:\SJTU-jiaojiao\codes\Admin\jiaojiaoadmin\src\app\infodetail\infodetail.component.ts
FN:23,(anonymous_0)
FN:28,(anonymous_1)
FN:40,(anonymous_2)
FN:44,(anonymous_3)
FN:47,(anonymous_4)
FN:50,(anonymous_5)
FN:52,(anonymous_6)
FN:54,(anonymous_7)
FN:57,(anonymous_8)
FN:68,(anonymous_9)
FN:99,(anonymous_10)
FN:167,(anonymous_11)
FNF:12
FNH:10
FNDA:1,(anonymous_0)
FNDA:1021,(anonymous_1)
FNDA:1,(anonymous_2)
FNDA:2,(anonymous_3)
FNDA:1,(anonymous_4)
FNDA:1,(anonymous_5)
FNDA:1,(anonymous_6)
FNDA:1,(anonymous_7)
FNDA:1,(anonymous_8)
FNDA:0,(anonymous_9)
FNDA:4,(anonymous_10)
FNDA:0,(anonymous_11)
DA:13,1
DA:15,1
DA:17,1
DA:18,1
DA:19,1
DA:21,1
DA:22,1
DA:24,1
DA:25,1
DA:26,1
DA:29,1021
DA:30,1021
DA:31,1021
DA:41,1
DA:42,1
DA:45,2
DA:48,1
DA:49,1
DA:50,1
DA:53,1
DA:54,1
DA:59,1
DA:60,1000
DA:62,1
DA:69,0
DA:70,0
DA:71,0
DA:99,1
DA:101,4
DA:102,20
DA:103,20
DA:105,4
DA:161,4
DA:168,0
DA:169,0
DA:170,0
LF:36
LH:30
BRF:0
BRH:0
end_of_record
TN:
SF:D:\SJTU-jiaojiao\codes\Admin\jiaojiaoadmin\src\app\login\login.component.ts
FN:14,(anonymous_0)
FN:17,(anonymous_1)
FN:21,(anonymous_2)
FN:22,(anonymous_3)
FNF:4
FNH:3
FNDA:1,(anonymous_0)
FNDA:1,(anonymous_1)
FNDA:1,(anonymous_2)
FNDA:0,(anonymous_3)
DA:12,1
DA:14,1
DA:22,1
DA:23,0
LF:4
LH:3
BRF:0
BRH:0
end_of_record
TN:
SF:D:\SJTU-jiaojiao\codes\Admin\jiaojiaoadmin\src\app\user\user.component.ts
FN:21,(anonymous_0)
FN:23,(anonymous_1)
FN:27,(anonymous_2)
FN:29,(anonymous_3)
FN:35,(anonymous_4)
FN:41,(anonymous_5)
FN:44,(anonymous_6)
FN:47,(anonymous_7)
FN:48,(anonymous_8)
FN:48,(anonymous_9)
FN:48,(anonymous_10)
FN:50,(anonymous_11)
FN:50,(anonymous_12)
FN:50,(anonymous_13)
FN:54,(anonymous_14)
FN:55,(anonymous_15)
FN:56,(anonymous_16)
FNF:17
FNH:13
FNDA:3,(anonymous_0)
FNDA:2,(anonymous_1)
FNDA:2,(anonymous_2)
FNDA:2,(anonymous_3)
FNDA:5,(anonymous_4)
FNDA:1,(anonymous_5)
FNDA:1,(anonymous_6)
FNDA:1,(anonymous_7)
FNDA:3,(anonymous_8)
FNDA:0,(anonymous_9)
FNDA:0,(anonymous_10)
FNDA:3,(anonymous_11)
FNDA:0,(anonymous_12)
FNDA:0,(anonymous_13)
FNDA:1,(anonymous_14)
FNDA:3,(anonymous_15)
FNDA:1,(anonymous_16)
DA:14,1
DA:17,3
DA:19,3
DA:21,3
DA:24,2
DA:28,2
DA:30,2
DA:31,2
DA:32,2
DA:36,5
DA:37,2
DA:39,3
DA:42,1
DA:45,1
DA:48,3
DA:49,0
DA:50,3
DA:51,0
DA:55,3
DA:56,1
DA:57,1
DA:58,1
LF:22
LH:20
BRDA:36,0,0,2
BRDA:36,0,1,3
BRF:2
BRH:2
end_of_record
TN:
SF:D:\SJTU-jiaojiao\codes\Admin\jiaojiaoadmin\src\app\userdetail\userdetail.component.ts
FN:15,(anonymous_0)
FN:20,(anonymous_1)
FN:24,(anonymous_2)
FN:27,(anonymous_3)
FN:30,(anonymous_4)
FN:32,(anonymous_5)
FN:34,(anonymous_6)
FN:37,(anonymous_7)
FN:55,(anonymous_8)
FN:86,(anonymous_9)
FN:90,(anonymous_10)
FNF:11
FNH:8
FNDA:1,(anonymous_0)
FNDA:1,(anonymous_1)
FNDA:2,(anonymous_2)
FNDA:1,(anonymous_3)
FNDA:1,(anonymous_4)
FNDA:1,(anonymous_5)
FNDA:1,(anonymous_6)
FNDA:1,(anonymous_7)
FNDA:0,(anonymous_8)
FNDA:0,(anonymous_9)
FNDA:0,(anonymous_10)
DA:12,1
DA:14,1
DA:16,1
DA:17,1
DA:18,1
DA:21,1
DA:22,1
DA:25,2
DA:28,1
DA:29,1
DA:30,1
DA:33,1
DA:34,1
DA:38,1
DA:42,1
DA:44,1
DA:45,1
DA:55,0
DA:87,0
DA:91,0
LF:20
LH:17
BRF:0
BRH:0
end_of_record
TN:
SF:D:\SJTU-jiaojiao\codes\Admin\jiaojiaoadmin\src\app\website\website.component.ts
FN:28,(anonymous_0)
FN:19,(anonymous_1)
FN:32,(anonymous_2)
FNF:3
FNH:3
FNDA:1,(anonymous_0)
FNDA:1,(anonymous_1)
FNDA:1,(anonymous_2)
DA:17,1
DA:20,1
DA:22,3
DA:23,3
DA:29,1
DA:33,1
LF:6
LH:6
BRF:0
BRH:0
end_of_record
