{"C:\\Users\\22859\\Desktop\\SJTU-JiaoJiao\\frontend\\src\\Views\\BuyInfo\\BuyInfo.js": {"path":"C:\\Users\\22859\\Desktop\\SJTU-JiaoJiao\\frontend\\src\\Views\\BuyInfo\\BuyInfo.js","statementMap":{"0":{"start":{"line":5,"column":31},"end":{"line":7,"column":5}},"1":{"start":{"line":10,"column":8},"end":{"line":16,"column":9}}},"fnMap":{"0":{"name":"(anonymous_0)","decl":{"start":{"line":9,"column":4},"end":{"line":9,"column":5}},"loc":{"start":{"line":9,"column":13},"end":{"line":17,"column":5}},"line":9}},"branchMap":{},"s":{"0":1,"1":1},"f":{"0":1},"b":{},"_coverageSchema":"43e27e138ebf9cfc5966b082cf9a028302ed4184","hash":"336c39c1f83ba17b94712f1a323d436e7bc2c37b"}
,"C:\\Users\\22859\\Desktop\\SJTU-JiaoJiao\\frontend\\src\\Views\\Contact\\Contact.js": {"path":"C:\\Users\\22859\\Desktop\\SJTU-JiaoJiao\\frontend\\src\\Views\\Contact\\Contact.js","statementMap":{"0":{"start":{"line":5,"column":31},"end":{"line":7,"column":5}},"1":{"start":{"line":10,"column":8},"end":{"line":16,"column":9}}},"fnMap":{"0":{"name":"(anonymous_0)","decl":{"start":{"line":9,"column":4},"end":{"line":9,"column":5}},"loc":{"start":{"line":9,"column":13},"end":{"line":17,"column":5}},"line":9}},"branchMap":{},"s":{"0":1,"1":1},"f":{"0":1},"b":{},"_coverageSchema":"43e27e138ebf9cfc5966b082cf9a028302ed4184","hash":"85abf367aa480d1b5020dc010deab90f7475fbca"}
,"C:\\Users\\22859\\Desktop\\SJTU-JiaoJiao\\frontend\\src\\Views\\Home\\Home.js": {"path":"C:\\Users\\22859\\Desktop\\SJTU-JiaoJiao\\frontend\\src\\Views\\Home\\Home.js","statementMap":{"0":{"start":{"line":7,"column":31},"end":{"line":9,"column":5}},"1":{"start":{"line":12,"column":8},"end":{"line":64,"column":10}},"2":{"start":{"line":27,"column":35},"end":{"line":27,"column":75}},"3":{"start":{"line":42,"column":35},"end":{"line":42,"column":77}},"4":{"start":{"line":57,"column":35},"end":{"line":57,"column":76}}},"fnMap":{"0":{"name":"(anonymous_0)","decl":{"start":{"line":11,"column":4},"end":{"line":11,"column":5}},"loc":{"start":{"line":11,"column":13},"end":{"line":65,"column":5}},"line":11},"1":{"name":"(anonymous_1)","decl":{"start":{"line":27,"column":29},"end":{"line":27,"column":30}},"loc":{"start":{"line":27,"column":35},"end":{"line":27,"column":75}},"line":27},"2":{"name":"(anonymous_2)","decl":{"start":{"line":42,"column":29},"end":{"line":42,"column":30}},"loc":{"start":{"line":42,"column":35},"end":{"line":42,"column":77}},"line":42},"3":{"name":"(anonymous_3)","decl":{"start":{"line":57,"column":29},"end":{"line":57,"column":30}},"loc":{"start":{"line":57,"column":35},"end":{"line":57,"column":76}},"line":57}},"branchMap":{},"s":{"0":1,"1":1,"2":0,"3":0,"4":0},"f":{"0":1,"1":0,"2":0,"3":0},"b":{},"_coverageSchema":"43e27e138ebf9cfc5966b082cf9a028302ed4184","hash":"8162db8d4fb68863ec75d965e260082704c21832"}
,"C:\\Users\\22859\\Desktop\\SJTU-JiaoJiao\\frontend\\src\\assets\\images\\buyIcon.png": {"path":"C:\\Users\\22859\\Desktop\\SJTU-JiaoJiao\\frontend\\src\\assets\\images\\buyIcon.png","statementMap":{"0":{"start":{"line":1,"column":0},"end":{"line":4,"column":6}}},"fnMap":{},"branchMap":{},"s":{"0":1},"f":{},"b":{},"_coverageSchema":"43e27e138ebf9cfc5966b082cf9a028302ed4184","hash":"a3a69559e29fba33fac56641b23f38cd95ca3640"}
,"C:\\Users\\22859\\Desktop\\SJTU-JiaoJiao\\frontend\\src\\assets\\images\\sellIcon.png": {"path":"C:\\Users\\22859\\Desktop\\SJTU-JiaoJiao\\frontend\\src\\assets\\images\\sellIcon.png","statementMap":{"0":{"start":{"line":1,"column":0},"end":{"line":4,"column":6}}},"fnMap":{},"branchMap":{},"s":{"0":1},"f":{},"b":{},"_coverageSchema":"43e27e138ebf9cfc5966b082cf9a028302ed4184","hash":"fa0874e200af9d20306fd630277c29b1d742b91a"}
}
