TN:
SF:C:\Users\22859\Desktop\SJTU-JiaoJiao\frontend\src\Views\BuyInfo\BuyInfo.js
FN:9,(anonymous_0)
FNF:1
FNH:1
FNDA:1,(anonymous_0)
DA:5,1
DA:10,1
LF:2
LH:2
BRF:0
BRH:0
end_of_record
TN:
SF:C:\Users\22859\Desktop\SJTU-JiaoJiao\frontend\src\Views\Contact\Contact.js
FN:9,(anonymous_0)
FNF:1
FNH:1
FNDA:1,(anonymous_0)
DA:5,1
DA:10,1
LF:2
LH:2
BRF:0
BRH:0
end_of_record
TN:
SF:C:\Users\22859\Desktop\SJTU-JiaoJiao\frontend\src\Views\Home\Home.js
FN:11,(anonymous_0)
FN:27,(anonymous_1)
FN:42,(anonymous_2)
FN:57,(anonymous_3)
FNF:4
FNH:1
FNDA:1,(anonymous_0)
FNDA:0,(anonymous_1)
FNDA:0,(anonymous_2)
FNDA:0,(anonymous_3)
DA:7,1
DA:12,1
DA:27,0
DA:42,0
DA:57,0
LF:5
LH:2
BRF:0
BRH:0
end_of_record
TN:
SF:C:\Users\22859\Desktop\SJTU-JiaoJiao\frontend\src\assets\images\buyIcon.png
FNF:0
FNH:0
DA:1,1
LF:1
LH:1
BRF:0
BRH:0
end_of_record
TN:
SF:C:\Users\22859\Desktop\SJTU-JiaoJiao\frontend\src\assets\images\sellIcon.png
FNF:0
FNH:0
DA:1,1
LF:1
LH:1
BRF:0
BRH:0
end_of_record
