TN:
SF:D:\SJTU-jiaojiao\admin-frontend\src\polyfills.ts
FNF:0
FNH:0
LF:0
LH:0
BRF:0
BRH:0
end_of_record
TN:
SF:D:\SJTU-jiaojiao\admin-frontend\src\test.ts
FNF:0
FNH:0
DA:13,1
DA:18,1
DA:20,1
LF:3
LH:3
BRF:0
BRH:0
end_of_record
TN:
SF:D:\SJTU-jiaojiao\admin-frontend\src\app\app-routing.module.ts
FNF:0
FNH:0
DA:16,1
DA:35,1
LF:2
LH:2
BRF:0
BRH:0
end_of_record
TN:
SF:D:\SJTU-jiaojiao\admin-frontend\src\app\app.component.ts
FN:14,(anonymous_0)
FN:15,(anonymous_1)
FNF:2
FNH:2
FNDA:1,(anonymous_0)
FNDA:1,(anonymous_1)
DA:11,1
DA:12,1
DA:13,1
DA:14,1
DA:16,1
DA:17,1
DA:19,1
LF:7
LH:7
BRF:0
BRH:0
end_of_record
TN:
SF:D:\SJTU-jiaojiao\admin-frontend\src\app\auth.service.ts
FN:14,(anonymous_0)
FN:17,(anonymous_1)
FN:27,(anonymous_2)
FNF:3
FNH:3
FNDA:13,(anonymous_0)
FNDA:11,(anonymous_1)
FNDA:13,(anonymous_2)
DA:13,1
DA:14,13
DA:19,11
DA:20,11
DA:21,11
DA:22,11
DA:23,11
DA:28,13
LF:8
LH:8
BRDA:21,0,0,11
BRDA:21,0,1,0
BRF:2
BRH:1
end_of_record
TN:
SF:D:\SJTU-jiaojiao\admin-frontend\src\app\file.service.ts
FN:17,(anonymous_0)
FN:19,(anonymous_1)
FN:32,(anonymous_2)
FN:33,(anonymous_3)
FNF:4
FNH:4
FNDA:2,(anonymous_0)
FNDA:1,(anonymous_1)
FNDA:1,(anonymous_2)
FNDA:1,(anonymous_3)
DA:7,1
DA:14,1
DA:16,2
DA:17,2
DA:20,1
DA:21,1
DA:33,1
DA:35,1
DA:37,1
LF:9
LH:9
BRF:0
BRH:0
end_of_record
TN:
SF:D:\SJTU-jiaojiao\admin-frontend\src\app\info.service.ts
FN:20,(anonymous_0)
FN:24,(anonymous_1)
FN:25,(anonymous_2)
FN:25,(anonymous_3)
FN:27,(anonymous_4)
FN:30,(anonymous_5)
FN:31,(anonymous_6)
FN:31,(anonymous_7)
FN:33,(anonymous_8)
FN:36,(anonymous_9)
FN:45,(anonymous_10)
FN:48,(anonymous_11)
FN:57,(anonymous_12)
FN:60,(anonymous_13)
FN:70,(anonymous_14)
FN:72,(anonymous_15)
FN:81,(anonymous_16)
FN:84,(anonymous_17)
FN:94,(anonymous_18)
FN:96,(anonymous_19)
FN:105,(anonymous_20)
FN:113,(anonymous_21)
FN:130,(anonymous_22)
FN:137,(anonymous_23)
FN:152,(anonymous_24)
FN:160,(anonymous_25)
FN:172,(anonymous_26)
FN:173,(anonymous_27)
FNF:28
FNH:16
FNDA:9,(anonymous_0)
FNDA:1,(anonymous_1)
FNDA:0,(anonymous_2)
FNDA:0,(anonymous_3)
FNDA:1,(anonymous_4)
FNDA:1,(anonymous_5)
FNDA:0,(anonymous_6)
FNDA:0,(anonymous_7)
FNDA:2,(anonymous_8)
FNDA:2,(anonymous_9)
FNDA:2,(anonymous_10)
FNDA:2,(anonymous_11)
FNDA:0,(anonymous_12)
FNDA:0,(anonymous_13)
FNDA:0,(anonymous_14)
FNDA:0,(anonymous_15)
FNDA:0,(anonymous_16)
FNDA:0,(anonymous_17)
FNDA:0,(anonymous_18)
FNDA:0,(anonymous_19)
FNDA:1,(anonymous_20)
FNDA:8,(anonymous_21)
FNDA:1,(anonymous_22)
FNDA:8,(anonymous_23)
FNDA:1,(anonymous_24)
FNDA:1,(anonymous_25)
FNDA:20,(anonymous_26)
FNDA:20,(anonymous_27)
DA:9,1
DA:16,1
DA:18,9
DA:19,9
DA:20,9
DA:21,9
DA:22,9
DA:25,1
DA:28,1
DA:31,1
DA:34,2
DA:36,2
DA:38,2
DA:39,0
DA:42,2
DA:46,2
DA:48,2
DA:50,2
DA:51,0
DA:54,2
DA:58,0
DA:59,0
DA:61,0
DA:62,0
DA:63,0
DA:64,0
DA:66,0
DA:70,0
DA:71,0
DA:73,0
DA:74,0
DA:75,0
DA:82,0
DA:83,0
DA:85,0
DA:86,0
DA:87,0
DA:88,0
DA:90,0
DA:94,0
DA:95,0
DA:97,0
DA:98,0
DA:99,0
DA:106,1
DA:107,1
DA:114,8
DA:115,8
DA:117,8
DA:118,8
DA:119,8
DA:120,8
DA:122,8
DA:131,1
DA:139,8
DA:140,8
DA:141,8
DA:142,8
DA:143,8
DA:144,8
DA:145,8
DA:153,1
DA:154,1
DA:161,1
DA:173,20
DA:175,20
DA:177,20
LF:67
LH:41
BRDA:34,0,0,2
BRDA:34,0,1,0
BRDA:46,1,0,2
BRDA:46,1,1,0
BRDA:58,2,0,0
BRDA:58,2,1,0
BRDA:58,3,0,0
BRDA:58,3,1,0
BRDA:61,4,0,0
BRDA:61,4,1,0
BRDA:61,5,0,0
BRDA:61,5,1,0
BRDA:63,6,0,0
BRDA:63,6,1,0
BRDA:73,7,0,0
BRDA:73,7,1,0
BRDA:73,8,0,0
BRDA:73,8,1,0
BRDA:82,9,0,0
BRDA:82,9,1,0
BRDA:82,10,0,0
BRDA:82,10,1,0
BRDA:85,11,0,0
BRDA:85,11,1,0
BRDA:85,12,0,0
BRDA:85,12,1,0
BRDA:87,13,0,0
BRDA:87,13,1,0
BRDA:97,14,0,0
BRDA:97,14,1,0
BRDA:97,15,0,0
BRDA:97,15,1,0
BRDA:113,16,0,6
BRDA:113,17,0,8
BRDA:113,18,0,8
BRDA:113,19,0,2
BRDA:113,20,0,2
BRDA:115,21,0,2
BRDA:115,21,1,6
BRDA:115,22,0,8
BRDA:115,22,1,2
BRDA:117,23,0,0
BRDA:117,23,1,8
BRDA:118,24,0,0
BRDA:118,24,1,8
BRDA:118,25,0,8
BRDA:118,25,1,0
BRDA:119,26,0,6
BRDA:119,26,1,2
BRDA:120,27,0,0
BRDA:120,27,1,8
BRDA:137,28,0,6
BRDA:137,29,0,8
BRDA:137,30,0,8
BRDA:137,31,0,2
BRDA:137,32,0,2
BRDA:140,33,0,2
BRDA:140,33,1,6
BRDA:140,34,0,8
BRDA:140,34,1,2
BRDA:141,35,0,0
BRDA:141,35,1,8
BRDA:142,36,0,0
BRDA:142,36,1,8
BRDA:142,37,0,8
BRDA:142,37,1,0
BRDA:143,38,0,6
BRDA:143,38,1,2
BRDA:144,39,0,0
BRDA:144,39,1,8
BRF:70
BRH:32
end_of_record
TN:
SF:D:\SJTU-jiaojiao\admin-frontend\src\app\inmemory-data.service.ts
FN:9,(anonymous_0)
FNF:1
FNH:1
FNDA:12,(anonymous_0)
DA:8,1
DA:10,12
DA:11,12
DA:16,12
LF:4
LH:4
BRF:0
BRH:0
end_of_record
TN:
SF:D:\SJTU-jiaojiao\admin-frontend\src\app\transaction.service.ts
FN:14,(anonymous_0)
FN:16,(anonymous_1)
FN:19,(anonymous_2)
FN:28,(anonymous_3)
FN:31,(anonymous_4)
FN:41,(anonymous_5)
FN:43,(anonymous_6)
FN:53,(anonymous_7)
FN:78,(anonymous_8)
FN:79,(anonymous_9)
FNF:10
FNH:6
FNDA:2,(anonymous_0)
FNDA:1,(anonymous_1)
FNDA:1,(anonymous_2)
FNDA:0,(anonymous_3)
FNDA:0,(anonymous_4)
FNDA:0,(anonymous_5)
FNDA:0,(anonymous_6)
FNDA:1,(anonymous_7)
FNDA:1,(anonymous_8)
FNDA:1,(anonymous_9)
DA:10,1
DA:12,2
DA:13,2
DA:14,2
DA:17,1
DA:19,1
DA:21,1
DA:22,0
DA:25,1
DA:29,0
DA:30,0
DA:32,0
DA:33,0
DA:34,0
DA:35,0
DA:37,0
DA:41,0
DA:42,0
DA:44,0
DA:45,0
DA:46,0
DA:57,1
DA:58,1
DA:59,1
DA:60,1
DA:61,1
DA:62,1
DA:63,1
DA:64,1
DA:65,1
DA:79,1
DA:81,1
DA:83,1
LF:33
LH:20
BRDA:17,0,0,1
BRDA:17,0,1,0
BRDA:29,1,0,0
BRDA:29,1,1,0
BRDA:29,2,0,0
BRDA:29,2,1,0
BRDA:32,3,0,0
BRDA:32,3,1,0
BRDA:34,4,0,0
BRDA:34,4,1,0
BRDA:44,5,0,0
BRDA:44,5,1,0
BRDA:53,6,0,0
BRDA:53,7,0,0
BRDA:53,8,0,0
BRDA:54,9,0,0
BRDA:54,10,0,0
BRDA:54,11,0,1
BRDA:54,12,0,1
BRDA:58,13,0,0
BRDA:58,13,1,1
BRDA:58,14,0,1
BRDA:58,14,1,0
BRDA:59,15,0,1
BRDA:59,15,1,0
BRDA:60,16,0,0
BRDA:60,16,1,1
BRDA:61,17,0,0
BRDA:61,17,1,1
BRDA:62,18,0,1
BRDA:62,18,1,0
BRDA:63,19,0,1
BRDA:63,19,1,0
BRDA:64,20,0,0
BRDA:64,20,1,1
BRF:35
BRH:11
end_of_record
TN:
SF:D:\SJTU-jiaojiao\admin-frontend\src\app\user.service.ts
FN:15,(anonymous_0)
FN:18,(anonymous_1)
FN:26,(anonymous_2)
FN:34,(anonymous_3)
FN:42,(anonymous_4)
FN:51,(anonymous_5)
FN:63,(anonymous_6)
FN:64,(anonymous_7)
FNF:8
FNH:7
FNDA:4,(anonymous_0)
FNDA:3,(anonymous_1)
FNDA:0,(anonymous_2)
FNDA:1,(anonymous_3)
FNDA:2,(anonymous_4)
FNDA:2,(anonymous_5)
FNDA:8,(anonymous_6)
FNDA:7,(anonymous_7)
DA:6,1
DA:11,1
DA:13,4
DA:15,4
DA:19,3
DA:20,3
DA:27,0
DA:28,0
DA:35,1
DA:36,1
DA:43,2
DA:44,2
DA:52,2
DA:64,8
DA:67,7
DA:70,7
LF:16
LH:14
BRF:0
BRH:0
end_of_record
TN:
SF:D:\SJTU-jiaojiao\admin-frontend\src\app\website.service.ts
FN:17,(anonymous_0)
FN:20,(anonymous_1)
FN:28,(anonymous_2)
FN:36,(anonymous_3)
FN:43,(anonymous_4)
FN:50,(anonymous_5)
FN:57,(anonymous_6)
FN:69,(anonymous_7)
FN:70,(anonymous_8)
FNF:9
FNH:9
FNDA:3,(anonymous_0)
FNDA:2,(anonymous_1)
FNDA:1,(anonymous_2)
FNDA:4,(anonymous_3)
FNDA:1,(anonymous_4)
FNDA:1,(anonymous_5)
FNDA:1,(anonymous_6)
FNDA:10,(anonymous_7)
FNDA:1,(anonymous_8)
DA:6,1
DA:13,1
DA:15,3
DA:16,3
DA:17,3
DA:21,2
DA:22,2
DA:29,1
DA:30,1
DA:37,4
DA:38,4
DA:44,1
DA:45,1
DA:51,1
DA:52,1
DA:58,1
DA:59,1
DA:70,10
DA:72,1
DA:74,1
LF:20
LH:20
BRF:0
BRH:0
end_of_record
TN:
SF:D:\SJTU-jiaojiao\admin-frontend\src\app\Formatter\format.ts
FN:2,Format
FNF:1
FNH:1
FNDA:4,Format
DA:3,4
DA:12,4
DA:13,4
DA:14,28
DA:15,4
LF:5
LH:5
BRDA:12,0,0,4
BRDA:12,0,1,0
BRDA:14,1,0,20
BRDA:14,1,1,8
BRDA:14,2,0,0
BRDA:14,2,1,20
BRF:6
BRH:4
end_of_record
TN:
SF:D:\SJTU-jiaojiao\admin-frontend\src\app\activity\activity.component.ts
FN:10,(anonymous_0)
FN:12,(anonymous_1)
FNF:2
FNH:2
FNDA:1,(anonymous_0)
FNDA:1,(anonymous_1)
DA:8,1
DA:13,1
LF:2
LH:2
BRF:0
BRH:0
end_of_record
TN:
SF:D:\SJTU-jiaojiao\admin-frontend\src\app\activitydetail\activitydetail.component.ts
FN:80,(anonymous_0)
FN:60,(anonymous_1)
FN:82,(anonymous_2)
FNF:3
FNH:3
FNDA:1,(anonymous_0)
FNDA:17,(anonymous_1)
FNDA:1,(anonymous_2)
DA:8,1
DA:9,1
DA:61,17
LF:3
LH:3
BRF:0
BRH:0
end_of_record
TN:
SF:D:\SJTU-jiaojiao\admin-frontend\src\app\callback\callback.component.ts
FN:11,(anonymous_0)
FN:16,(anonymous_1)
FN:21,(anonymous_2)
FNF:3
FNH:3
FNDA:1,(anonymous_0)
FNDA:1,(anonymous_1)
FNDA:2,(anonymous_2)
DA:10,1
DA:12,1
DA:13,1
DA:17,1
DA:18,1
DA:22,2
DA:25,2
DA:26,1
LF:8
LH:8
BRDA:25,0,0,1
BRDA:25,0,1,1
BRF:2
BRH:2
end_of_record
TN:
SF:D:\SJTU-jiaojiao\admin-frontend\src\app\dashboard\dashboard.component.ts
FN:16,(anonymous_0)
FN:26,(anonymous_1)
FN:28,(anonymous_2)
FN:36,(anonymous_3)
FN:37,(anonymous_4)
FN:44,(anonymous_5)
FN:45,(anonymous_6)
FN:45,(anonymous_7)
FN:47,(anonymous_8)
FN:50,(anonymous_9)
FN:52,(anonymous_10)
FN:54,(anonymous_11)
FN:56,(anonymous_12)
FN:66,(anonymous_13)
FN:67,(anonymous_14)
FN:70,(anonymous_15)
FN:73,(anonymous_16)
FNF:17
FNH:16
FNDA:1,(anonymous_0)
FNDA:1,(anonymous_1)
FNDA:1,(anonymous_2)
FNDA:1,(anonymous_3)
FNDA:0,(anonymous_4)
FNDA:4,(anonymous_5)
FNDA:4,(anonymous_6)
FNDA:15,(anonymous_7)
FNDA:1,(anonymous_8)
FNDA:1,(anonymous_9)
FNDA:2,(anonymous_10)
FNDA:1,(anonymous_11)
FNDA:3,(anonymous_12)
FNDA:1,(anonymous_13)
FNDA:2,(anonymous_14)
FNDA:1,(anonymous_15)
FNDA:1,(anonymous_16)
DA:15,1
DA:17,1
DA:27,1
DA:28,1
DA:29,1
DA:30,1
DA:31,1
DA:32,1
DA:33,1
DA:34,1
DA:37,1
DA:38,0
DA:39,0
DA:40,0
DA:41,0
DA:45,15
DA:48,1
DA:49,1
DA:50,1
DA:51,1
DA:52,2
DA:53,1
DA:54,1
DA:57,3
DA:59,1
DA:61,1
DA:63,1
DA:67,1
DA:68,2
DA:69,1
DA:70,1
DA:72,1
DA:73,1
LF:33
LH:29
BRDA:58,0,0,1
BRDA:58,0,1,1
BRDA:58,0,2,1
BRDA:68,1,0,1
BRDA:68,1,1,1
BRF:5
BRH:5
end_of_record
TN:
SF:D:\SJTU-jiaojiao\admin-frontend\src\app\entity\info.ts
FNF:0
FNH:0
LF:0
LH:0
BRF:0
BRH:0
end_of_record
TN:
SF:D:\SJTU-jiaojiao\admin-frontend\src\app\entity\transaction.ts
FNF:0
FNH:0
LF:0
LH:0
BRF:0
BRH:0
end_of_record
TN:
SF:D:\SJTU-jiaojiao\admin-frontend\src\app\entity\user.ts
FNF:0
FNH:0
LF:0
LH:0
BRF:0
BRH:0
end_of_record
TN:
SF:D:\SJTU-jiaojiao\admin-frontend\src\app\info\info.component.ts
FN:24,(anonymous_0)
FN:26,(anonymous_1)
FN:30,(anonymous_2)
FN:31,(anonymous_3)
FN:33,(anonymous_4)
FN:42,(anonymous_5)
FN:52,(anonymous_6)
FNF:7
FNH:7
FNDA:2,(anonymous_0)
FNDA:2,(anonymous_1)
FNDA:2,(anonymous_2)
FNDA:2,(anonymous_3)
FNDA:3,(anonymous_4)
FNDA:2,(anonymous_5)
FNDA:1,(anonymous_6)
DA:14,1
DA:15,2
DA:16,2
DA:21,1
DA:23,1
DA:24,2
DA:27,2
DA:31,2
DA:34,3
DA:35,3
DA:36,3
DA:38,3
DA:39,3
DA:43,2
DA:45,2
DA:48,0
DA:50,2
DA:53,1
DA:54,1
DA:55,1
DA:56,1
LF:21
LH:20
BRDA:35,0,0,3
BRDA:35,0,1,0
BRDA:38,1,0,3
BRDA:38,1,1,0
BRDA:43,2,0,2
BRDA:43,2,1,0
BRDA:53,3,0,1
BRDA:53,3,1,0
BRDA:55,4,0,1
BRDA:55,4,1,0
BRF:10
BRH:5
end_of_record
TN:
SF:D:\SJTU-jiaojiao\admin-frontend\src\app\info\infocom.service.ts
FN:10,(anonymous_0)
FN:11,(anonymous_1)
FN:14,(anonymous_2)
FN:17,(anonymous_3)
FN:22,(anonymous_4)
FNF:5
FNH:5
FNDA:5,(anonymous_0)
FNDA:4,(anonymous_1)
FNDA:6,(anonymous_2)
FNDA:3,(anonymous_3)
FNDA:12,(anonymous_4)
DA:5,1
DA:12,4
DA:15,6
DA:18,3
DA:19,3
DA:20,3
DA:23,12
LF:7
LH:7
BRF:0
BRH:0
end_of_record
TN:
SF:D:\SJTU-jiaojiao\admin-frontend\src\app\info-statistic\info-statistic.component.ts
FN:14,fdgFormatter
FN:36,(anonymous_1)
FN:37,(anonymous_2)
FN:48,(anonymous_3)
FN:52,(anonymous_4)
FN:58,(anonymous_5)
FN:62,(anonymous_6)
FN:64,(anonymous_7)
FN:66,(anonymous_8)
FN:68,(anonymous_9)
FN:73,(anonymous_10)
FN:140,(anonymous_11)
FN:160,(anonymous_12)
FN:183,(anonymous_13)
FN:197,(anonymous_14)
FN:208,(anonymous_15)
FN:210,(anonymous_16)
FN:274,(anonymous_17)
FN:283,(anonymous_18)
FN:295,(anonymous_19)
FN:299,(anonymous_20)
FN:399,(anonymous_21)
FN:402,(anonymous_22)
FN:406,(anonymous_23)
FN:408,(anonymous_24)
FN:417,(anonymous_25)
FN:482,(anonymous_26)
FN:489,(anonymous_27)
FNF:28
FNH:18
FNDA:2,fdgFormatter
FNDA:1,(anonymous_1)
FNDA:1,(anonymous_2)
FNDA:1,(anonymous_3)
FNDA:1,(anonymous_4)
FNDA:0,(anonymous_5)
FNDA:1,(anonymous_6)
FNDA:0,(anonymous_7)
FNDA:0,(anonymous_8)
FNDA:0,(anonymous_9)
FNDA:1,(anonymous_10)
FNDA:0,(anonymous_11)
FNDA:1,(anonymous_12)
FNDA:27,(anonymous_13)
FNDA:27,(anonymous_14)
FNDA:2,(anonymous_15)
FNDA:0,(anonymous_16)
FNDA:0,(anonymous_17)
FNDA:0,(anonymous_18)
FNDA:3,(anonymous_19)
FNDA:9,(anonymous_20)
FNDA:1,(anonymous_21)
FNDA:1,(anonymous_22)
FNDA:2,(anonymous_23)
FNDA:0,(anonymous_24)
FNDA:0,(anonymous_25)
FNDA:1,(anonymous_26)
FNDA:1,(anonymous_27)
DA:11,1
DA:16,2
DA:17,1
DA:18,1
DA:19,1
DA:26,1
DA:32,1
DA:33,1
DA:34,1
DA:35,1
DA:36,1
DA:38,1
DA:39,1
DA:40,1
DA:41,1
DA:42,1
DA:43,1
DA:44,1
DA:45,1
DA:49,1
DA:53,1
DA:54,1
DA:55,1
DA:56,1
DA:58,1
DA:59,0
DA:63,1
DA:64,1
DA:65,1
DA:66,1
DA:67,1
DA:68,1
DA:69,0
DA:74,1
DA:81,1
DA:141,0
DA:161,1
DA:185,27
DA:197,27
DA:209,2
DA:210,2
DA:211,0
DA:212,0
DA:213,0
DA:214,0
DA:216,0
DA:218,2
DA:219,2
DA:220,0
DA:222,2
DA:275,0
DA:284,0
DA:296,3
DA:297,3
DA:298,3
DA:299,3
DA:300,9
DA:301,9
DA:302,3
DA:303,3
DA:304,2
DA:305,1
DA:306,1
DA:308,1
DA:309,1
DA:312,6
DA:313,5
DA:314,5
DA:315,3
DA:316,2
DA:317,1
DA:319,2
DA:320,2
DA:324,3
DA:325,3
DA:326,3
DA:327,3
DA:328,3
DA:329,3
DA:330,5
DA:335,5
DA:336,5
DA:337,2
DA:339,3
DA:341,3
DA:342,1
DA:344,2
DA:346,3
DA:347,5
DA:350,3
DA:400,1
DA:403,1
DA:404,1
DA:407,2
DA:408,2
DA:409,0
DA:410,0
DA:411,0
DA:412,0
DA:414,0
DA:416,2
DA:417,2
DA:418,0
DA:419,0
DA:420,0
DA:421,0
DA:423,0
DA:425,2
DA:426,2
DA:427,0
DA:430,2
DA:431,2
DA:432,0
DA:434,2
DA:482,1
DA:489,1
LF:116
LH:93
BRDA:16,0,0,1
BRDA:16,0,1,1
BRDA:18,1,0,1
BRDA:18,1,1,0
BRDA:54,2,0,1
BRDA:54,2,1,0
BRDA:67,3,0,1
BRDA:67,3,1,0
BRDA:211,4,0,0
BRDA:211,4,1,0
BRDA:213,5,0,0
BRDA:213,5,1,0
BRDA:300,6,0,0
BRDA:300,6,1,9
BRDA:301,7,0,3
BRDA:301,7,1,6
BRDA:301,8,0,9
BRDA:301,8,1,9
BRDA:303,9,0,2
BRDA:303,9,1,1
BRDA:304,10,0,1
BRDA:304,10,1,1
BRDA:312,11,0,5
BRDA:312,11,1,1
BRDA:312,12,0,6
BRDA:312,12,1,6
BRDA:314,13,0,3
BRDA:314,13,1,2
BRDA:315,14,0,2
BRDA:315,14,1,1
BRDA:336,15,0,2
BRDA:336,15,1,3
BRDA:341,16,0,1
BRDA:341,16,1,2
BRDA:403,17,0,1
BRDA:403,17,1,0
BRDA:409,18,0,0
BRDA:409,18,1,0
BRDA:409,19,0,0
BRDA:409,19,1,0
BRDA:411,20,0,0
BRDA:411,20,1,0
BRDA:418,21,0,0
BRDA:418,21,1,0
BRDA:418,22,0,0
BRDA:418,22,1,0
BRDA:420,23,0,0
BRDA:420,23,1,0
BRF:48
BRH:27
end_of_record
TN:
SF:D:\SJTU-jiaojiao\admin-frontend\src\app\info\buy-info\buy-info.component.ts
FN:24,(anonymous_0)
FN:26,(anonymous_1)
FN:31,(anonymous_2)
FN:46,(anonymous_3)
FN:51,(anonymous_4)
FN:58,(anonymous_5)
FN:64,(anonymous_6)
FNF:7
FNH:7
FNDA:4,(anonymous_0)
FNDA:3,(anonymous_1)
FNDA:5,(anonymous_2)
FNDA:1,(anonymous_3)
FNDA:2,(anonymous_4)
FNDA:6,(anonymous_5)
FNDA:6,(anonymous_6)
DA:13,1
DA:14,4
DA:16,4
DA:17,4
DA:18,4
DA:20,4
DA:24,4
DA:27,3
DA:28,3
DA:32,5
DA:34,1
DA:36,1
DA:38,1
DA:40,1
DA:42,1
DA:47,1
DA:48,1
DA:52,2
DA:53,1
DA:55,1
DA:59,6
DA:60,6
DA:61,6
DA:62,6
DA:63,6
DA:65,6
DA:66,0
DA:67,0
LF:28
LH:26
BRDA:33,0,0,1
BRDA:33,0,1,1
BRDA:33,0,2,1
BRDA:33,0,3,1
BRDA:33,0,4,1
BRDA:52,1,0,1
BRDA:52,1,1,1
BRDA:52,2,0,2
BRDA:52,2,1,1
BRDA:65,3,0,6
BRDA:65,3,1,0
BRF:11
BRH:10
end_of_record
TN:
SF:D:\SJTU-jiaojiao\admin-frontend\src\app\info\sell-info\sell-info.component.ts
FN:25,(anonymous_0)
FN:27,(anonymous_1)
FN:32,(anonymous_2)
FN:46,(anonymous_3)
FN:52,(anonymous_4)
FN:59,(anonymous_5)
FN:64,(anonymous_6)
FNF:7
FNH:7
FNDA:4,(anonymous_0)
FNDA:3,(anonymous_1)
FNDA:5,(anonymous_2)
FNDA:6,(anonymous_3)
FNDA:6,(anonymous_4)
FNDA:1,(anonymous_5)
FNDA:2,(anonymous_6)
DA:14,1
DA:15,4
DA:18,4
DA:19,4
DA:21,4
DA:25,4
DA:28,3
DA:29,3
DA:33,5
DA:35,1
DA:37,1
DA:39,1
DA:41,1
DA:43,1
DA:47,6
DA:48,6
DA:49,6
DA:50,6
DA:51,6
DA:53,6
DA:54,0
DA:55,0
DA:60,1
DA:61,1
DA:65,2
DA:66,1
DA:68,1
LF:27
LH:25
BRDA:34,0,0,1
BRDA:34,0,1,1
BRDA:34,0,2,1
BRDA:34,0,3,1
BRDA:34,0,4,1
BRDA:53,1,0,6
BRDA:53,1,1,0
BRDA:65,2,0,1
BRDA:65,2,1,1
BRDA:65,3,0,2
BRDA:65,3,1,1
BRF:11
BRH:10
end_of_record
TN:
SF:D:\SJTU-jiaojiao\admin-frontend\src\app\infodetail\infodetail.component.ts
FN:28,(anonymous_0)
FN:34,(anonymous_1)
FN:39,(anonymous_2)
FN:44,(anonymous_3)
FN:46,(anonymous_4)
FN:52,(anonymous_5)
FN:55,(anonymous_6)
FN:59,(anonymous_7)
FN:67,(anonymous_8)
FN:75,(anonymous_9)
FN:80,(anonymous_10)
FN:83,(anonymous_11)
FN:86,(anonymous_12)
FNF:13
FNH:13
FNDA:1,(anonymous_0)
FNDA:1,(anonymous_1)
FNDA:1,(anonymous_2)
FNDA:1,(anonymous_3)
FNDA:1,(anonymous_4)
FNDA:3,(anonymous_5)
FNDA:3,(anonymous_6)
FNDA:1,(anonymous_7)
FNDA:1,(anonymous_8)
FNDA:2,(anonymous_9)
FNDA:1,(anonymous_10)
FNDA:1,(anonymous_11)
FNDA:1,(anonymous_12)
DA:15,1
DA:17,1
DA:20,1
DA:22,1
DA:23,1
DA:26,1
DA:27,1
DA:29,1
DA:30,1
DA:31,1
DA:32,1
DA:35,1
DA:36,1
DA:40,1
DA:41,1
DA:42,1
DA:45,1
DA:47,1
DA:48,0
DA:53,3
DA:56,3
DA:57,3
DA:58,1
DA:60,1
DA:61,0
DA:62,0
DA:63,0
DA:65,2
DA:66,1
DA:68,1
DA:69,0
DA:70,0
DA:71,0
DA:76,2
DA:77,2
DA:78,2
DA:79,1
DA:80,1
DA:81,1
DA:82,1
DA:83,1
DA:87,1
LF:42
LH:35
BRDA:47,0,0,0
BRDA:47,0,1,1
BRDA:57,1,0,1
BRDA:57,1,1,2
BRDA:60,2,0,1
BRDA:60,2,1,0
BRDA:65,3,0,1
BRDA:65,3,1,1
BRDA:68,4,0,1
BRDA:68,4,1,0
BRDA:76,5,0,0
BRDA:76,5,1,2
BRDA:78,6,0,1
BRDA:78,6,1,1
BRDA:81,7,0,1
BRDA:81,7,1,0
BRF:16
BRH:11
end_of_record
TN:
SF:D:\SJTU-jiaojiao\admin-frontend\src\app\login\login.component.ts
FN:17,(anonymous_0)
FN:21,(anonymous_1)
FN:25,(anonymous_2)
FN:26,(anonymous_3)
FN:31,(anonymous_4)
FNF:5
FNH:4
FNDA:1,(anonymous_0)
FNDA:1,(anonymous_1)
FNDA:1,(anonymous_2)
FNDA:0,(anonymous_3)
FNDA:1,(anonymous_4)
DA:14,1
DA:17,1
DA:18,1
DA:26,1
DA:32,1
DA:33,1
LF:6
LH:6
BRF:0
BRH:0
end_of_record
TN:
SF:D:\SJTU-jiaojiao\admin-frontend\src\app\user\user.component.ts
FN:19,(anonymous_0)
FN:21,(anonymous_1)
FN:25,(anonymous_2)
FN:32,(anonymous_3)
FN:39,(anonymous_4)
FN:45,(anonymous_5)
FN:47,(anonymous_6)
FN:54,(anonymous_7)
FNF:8
FNH:8
FNDA:3,(anonymous_0)
FNDA:2,(anonymous_1)
FNDA:3,(anonymous_2)
FNDA:2,(anonymous_3)
FNDA:1,(anonymous_4)
FNDA:3,(anonymous_5)
FNDA:2,(anonymous_6)
FNDA:1,(anonymous_7)
DA:12,1
DA:15,3
DA:17,3
DA:19,3
DA:22,2
DA:26,3
DA:27,1
DA:29,1
DA:31,2
DA:33,2
DA:34,0
DA:35,0
DA:40,1
DA:41,0
DA:43,1
DA:46,3
DA:48,2
DA:49,0
DA:50,0
DA:55,1
LF:20
LH:15
BRDA:26,0,0,1
BRDA:26,0,1,2
BRDA:26,1,0,3
BRDA:26,1,1,2
BRDA:33,2,0,2
BRDA:33,2,1,0
BRDA:40,3,0,0
BRDA:40,3,1,1
BRDA:40,4,0,1
BRDA:40,4,1,1
BRDA:48,5,0,2
BRDA:48,5,1,0
BRF:12
BRH:9
end_of_record
TN:
SF:D:\SJTU-jiaojiao\admin-frontend\src\app\userdetail\userdetail.component.ts
FN:11,fFormatter
FN:25,(anonymous_1)
FN:31,(anonymous_2)
FN:36,(anonymous_3)
FN:39,(anonymous_4)
FN:45,(anonymous_5)
FN:48,(anonymous_6)
FN:51,(anonymous_7)
FN:54,(anonymous_8)
FN:59,(anonymous_9)
FN:62,(anonymous_10)
FN:73,(anonymous_11)
FN:77,(anonymous_12)
FN:80,(anonymous_13)
FN:99,(anonymous_14)
FN:103,(anonymous_15)
FNF:16
FNH:12
FNDA:1,fFormatter
FNDA:1,(anonymous_1)
FNDA:1,(anonymous_2)
FNDA:1,(anonymous_3)
FNDA:2,(anonymous_4)
FNDA:3,(anonymous_5)
FNDA:1,(anonymous_6)
FNDA:1,(anonymous_7)
FNDA:0,(anonymous_8)
FNDA:0,(anonymous_9)
FNDA:0,(anonymous_10)
FNDA:2,(anonymous_11)
FNDA:2,(anonymous_12)
FNDA:5,(anonymous_13)
FNDA:1,(anonymous_14)
FNDA:0,(anonymous_15)
DA:10,1
DA:12,1
DA:19,1
DA:21,1
DA:26,1
DA:27,1
DA:28,1
DA:29,1
DA:32,1
DA:33,1
DA:37,1
DA:40,2
DA:41,1
DA:42,1
DA:43,1
DA:46,3
DA:49,1
DA:50,1
DA:51,1
DA:52,1
DA:53,0
DA:54,0
DA:55,0
DA:57,0
DA:59,0
DA:60,0
DA:61,0
DA:62,0
DA:64,0
DA:74,2
DA:75,2
DA:76,2
DA:77,2
DA:81,5
DA:83,1
DA:85,1
DA:87,1
DA:89,1
DA:91,1
DA:101,1
DA:102,1
DA:103,1
DA:104,0
DA:105,0
DA:107,0
DA:108,0
DA:110,0
DA:112,1
LF:48
LH:34
BRDA:40,0,0,1
BRDA:40,0,1,1
BRDA:42,1,0,1
BRDA:42,1,1,0
BRDA:55,2,0,0
BRDA:55,2,1,0
BRDA:60,3,0,0
BRDA:60,3,1,0
BRDA:74,4,0,0
BRDA:74,4,1,2
BRDA:75,5,0,1
BRDA:75,5,1,1
BRDA:82,6,0,1
BRDA:82,6,1,1
BRDA:82,6,2,1
BRDA:82,6,3,1
BRDA:82,6,4,1
BRDA:107,7,0,0
BRDA:107,7,1,0
BRF:19
BRH:11
end_of_record
TN:
SF:D:\SJTU-jiaojiao\admin-frontend\src\app\website\website.component.ts
FN:39,(anonymous_0)
FN:21,(anonymous_1)
FN:29,(anonymous_2)
FN:30,(anonymous_3)
FN:44,(anonymous_4)
FNF:5
FNH:5
FNDA:1,(anonymous_0)
FNDA:1,(anonymous_1)
FNDA:1,(anonymous_2)
FNDA:1,(anonymous_3)
FNDA:1,(anonymous_4)
DA:18,1
DA:22,1
DA:24,3
DA:25,3
DA:30,1
DA:31,1
DA:32,1
DA:33,1
DA:34,1
DA:35,1
DA:40,1
DA:41,1
DA:45,1
LF:13
LH:13
BRDA:32,0,0,0
BRDA:32,0,1,1
BRDA:33,1,0,0
BRDA:33,1,1,1
BRDA:34,2,0,0
BRDA:34,2,1,1
BRF:6
BRH:3
end_of_record
